[0.976][INFO]: COMMAND InitSession {
   "desiredCapabilities": {
      "browserName": "chrome",
      "chromeOptions": {
         "args": [  ],
         "extensions": [  ]
      },
      "javascriptEnabled": true,
      "platform": "ANY",
      "version": ""
   }
}
[0.978][INFO]: Populating Preferences file: {
   "alternate_error_pages": {
      "enabled": false
   },
   "autofill": {
      "enabled": false
   },
   "browser": {
      "check_default_browser": false
   },
   "distribution": {
      "import_bookmarks": false,
      "import_history": false,
      "import_search_engine": false,
      "make_chrome_default_for_user": false,
      "show_welcome_page": false,
      "skip_first_run_ui": true
   },
   "dns_prefetching": {
      "enabled": false
   },
   "profile": {
      "content_settings": {
         "pattern_pairs": {
            "https://*,*": {
               "media-stream": {
                  "audio": "Default",
                  "video": "Default"
               }
            }
         }
      },
      "default_content_settings": {
         "geolocation": 1,
         "mouselock": 1,
         "notifications": 1,
         "popups": 1,
         "ppapi-broker": 1
      },
      "password_manager_enabled": false
   },
   "safebrowsing": {
      "enabled": false
   },
   "search": {
      "suggest_enabled": false
   },
   "translate": {
      "enabled": false
   }
}
[0.979][INFO]: Populating Local State file: {
   "background_mode": {
      "enabled": false
   },
   "ssl": {
      "rev_checking": {
         "enabled": false
      }
   }
}
[0.986][INFO]: Launching chrome: /Applications/Google Chrome.app/Contents/MacOS/Google Chrome --disable-background-networking --disable-client-side-phishing-detection --disable-component-update --disable-default-apps --disable-hang-monitor --disable-prompt-on-repost --disable-sync --disable-web-resources --enable-logging --ignore-certificate-errors --load-extension=/var/folders/nc/g7wzk02d1650r622th1szb5c0000gn/T/.org.chromium.Chromium.05qOn3/internal --log-level=0 --metrics-recording-only --no-first-run --password-store=basic --remote-debugging-port=12001 --safebrowsing-disable-auto-update --safebrowsing-disable-download-protection --test-type=webdriver --use-mock-keychain --user-data-dir=/var/folders/nc/g7wzk02d1650r622th1szb5c0000gn/T/.org.chromium.Chromium.DMO8g0 data:,
[0.987][DEBUG]: DevTools request: http://127.0.0.1:12001/json/version
[0.990][DEBUG]: DevTools request failed
[1.042][DEBUG]: DevTools request: http://127.0.0.1:12001/json/version
[1.042][DEBUG]: DevTools request failed
[1.098][DEBUG]: DevTools request: http://127.0.0.1:12001/json/version
[1.098][DEBUG]: DevTools request failed
[1.150][DEBUG]: DevTools request: http://127.0.0.1:12001/json/version
[1.150][DEBUG]: DevTools request failed
[1.202][DEBUG]: DevTools request: http://127.0.0.1:12001/json/version
[1.203][DEBUG]: DevTools request failed
[1.253][DEBUG]: DevTools request: http://127.0.0.1:12001/json/version
[1.570][DEBUG]: DevTools response: {
   "Browser": "Chrome/38.0.2125.104",
   "Protocol-Version": "1.1",
   "User-Agent": "Mozilla/5.0 (Macintosh; Intel Mac OS X 10_10_0) AppleWebKit/537.36 (KHTML, like Gecko) Chrome/38.0.2125.104 Safari/537.36",
   "WebKit-Version": "537.36 (@183466)"
}

[1.570][DEBUG]: DevTools request: http://127.0.0.1:12001/json
[1.581][DEBUG]: DevTools response: [ {
   "description": "",
   "devtoolsFrontendUrl": "/devtools/devtools.html?ws=127.0.0.1:12001/devtools/page/7560C1CE-FE50-A622-8B9E-89D97A54D52D",
   "faviconUrl": "chrome://extension-icon/aapnijgdinlhnhlmodcfapnahmbfebeb/24/1",
   "id": "7560C1CE-FE50-A622-8B9E-89D97A54D52D",
   "title": "Chrome Automation Extension",
   "type": "background_page",
   "url": "chrome-extension://aapnijgdinlhnhlmodcfapnahmbfebeb/_generated_background_page.html",
   "webSocketDebuggerUrl": "ws://127.0.0.1:12001/devtools/page/7560C1CE-FE50-A622-8B9E-89D97A54D52D"
}, {
   "description": "",
   "devtoolsFrontendUrl": "/devtools/devtools.html?ws=127.0.0.1:12001/devtools/page/DFD06F0B-23A4-38F5-D70E-C560C890E235",
   "id": "DFD06F0B-23A4-38F5-D70E-C560C890E235",
   "title": "",
   "type": "page",
   "url": "data:,",
   "webSocketDebuggerUrl": "ws://127.0.0.1:12001/devtools/page/DFD06F0B-23A4-38F5-D70E-C560C890E235"
} ]

[1.581][DEBUG]: DevTools request: http://127.0.0.1:12001/json
[1.582][DEBUG]: DevTools response: [ {
   "description": "",
   "devtoolsFrontendUrl": "/devtools/devtools.html?ws=127.0.0.1:12001/devtools/page/7560C1CE-FE50-A622-8B9E-89D97A54D52D",
   "faviconUrl": "chrome://extension-icon/aapnijgdinlhnhlmodcfapnahmbfebeb/24/1",
   "id": "7560C1CE-FE50-A622-8B9E-89D97A54D52D",
   "title": "Chrome Automation Extension",
   "type": "background_page",
   "url": "chrome-extension://aapnijgdinlhnhlmodcfapnahmbfebeb/_generated_background_page.html",
   "webSocketDebuggerUrl": "ws://127.0.0.1:12001/devtools/page/7560C1CE-FE50-A622-8B9E-89D97A54D52D"
}, {
   "description": "",
   "devtoolsFrontendUrl": "/devtools/devtools.html?ws=127.0.0.1:12001/devtools/page/DFD06F0B-23A4-38F5-D70E-C560C890E235",
   "id": "DFD06F0B-23A4-38F5-D70E-C560C890E235",
   "title": "",
   "type": "page",
   "url": "data:,",
   "webSocketDebuggerUrl": "ws://127.0.0.1:12001/devtools/page/DFD06F0B-23A4-38F5-D70E-C560C890E235"
} ]

[1.582][INFO]: RESPONSE InitSession {
   "acceptSslCerts": true,
   "applicationCacheEnabled": false,
   "browserConnectionEnabled": false,
   "browserName": "chrome",
   "chrome": {
      "userDataDir": "/var/folders/nc/g7wzk02d1650r622th1szb5c0000gn/T/.org.chromium.Chromium.DMO8g0"
   },
   "cssSelectorsEnabled": true,
   "databaseEnabled": false,
   "handlesAlerts": true,
   "javascriptEnabled": true,
   "locationContextEnabled": true,
   "mobileEmulationEnabled": false,
   "nativeEvents": true,
   "platform": "Mac OS X",
   "rotatable": false,
   "takesHeapSnapshot": true,
   "takesScreenshot": true,
   "version": "38.0.2125.104",
   "webStorageEnabled": true
}
[1.586][INFO]: COMMAND SetImplicitWait {
   "ms": 30000.0,
   "sessionId": "d2447b57e3b4916e5318b834984e5b51"
}
[1.586][INFO]: RESPONSE SetImplicitWait
[1.588][INFO]: COMMAND Navigate {
   "sessionId": "d2447b57e3b4916e5318b834984e5b51",
   "url": "http://106.186.19.168:8888/login?next=%2F"
}
[1.589][DEBUG]: DEVTOOLS COMMAND Console.enable (id=1) {

}
[1.589][DEBUG]: DEVTOOLS COMMAND DOM.getDocument (id=2) {

}
[1.589][DEBUG]: DEVTOOLS COMMAND Runtime.enable (id=3) {

}
[1.589][DEBUG]: DEVTOOLS COMMAND Page.enable (id=4) {

}
[1.589][DEBUG]: DEVTOOLS COMMAND Page.enable (id=5) {

}
[1.632][DEBUG]: DEVTOOLS RESPONSE Console.enable (id=1) {

}
[1.632][DEBUG]: DEVTOOLS RESPONSE DOM.getDocument (id=2) {
   "root": {
      "baseURL": "",
      "childNodeCount": 1,
      "children": [ {
         "attributes": [  ],
         "childNodeCount": 2,
         "children": [ {
            "attributes": [  ],
            "childNodeCount": 0,
            "localName": "head",
            "nodeId": 3,
            "nodeName": "HEAD",
            "nodeType": 1,
            "nodeValue": ""
         }, {
            "attributes": [  ],
            "childNodeCount": 0,
            "localName": "body",
            "nodeId": 4,
            "nodeName": "BODY",
            "nodeType": 1,
            "nodeValue": ""
         } ],
         "localName": "html",
         "nodeId": 2,
         "nodeName": "HTML",
         "nodeType": 1,
         "nodeValue": ""
      } ],
      "documentURL": "",
      "localName": "",
      "nodeId": 1,
      "nodeName": "#document",
      "nodeType": 9,
      "nodeValue": "",
      "xmlVersion": ""
   }
}
[1.632][DEBUG]: DEVTOOLS RESPONSE Runtime.enable (id=3) {

}
[1.632][DEBUG]: DEVTOOLS RESPONSE Page.enable (id=4) {

}
[1.632][DEBUG]: DEVTOOLS RESPONSE Page.enable (id=5) {

}
[1.632][DEBUG]: DEVTOOLS COMMAND Page.enable (id=6) {

}
[1.788][DEBUG]: DEVTOOLS EVENT Console.messagesCleared {

}
[1.788][DEBUG]: DEVTOOLS EVENT Page.frameNavigated {
   "frame": {
      "id": "2094.1",
      "loaderId": "2094.2",
      "mimeType": "text/plain",
      "securityOrigin": "://",
      "url": "data:,"
   }
}
[1.788][DEBUG]: DEVTOOLS EVENT Runtime.executionContextsCleared {

}
[1.788][DEBUG]: DEVTOOLS EVENT Runtime.executionContextCreated {
   "context": {
      "frameId": "2094.1",
      "id": 1,
      "isPageContext": true,
      "name": ""
   }
}
[1.789][DEBUG]: DEVTOOLS RESPONSE Page.enable (id=6) {

}
[1.789][INFO]: Waiting for pending navigations...
[1.789][DEBUG]: DEVTOOLS COMMAND DOM.getDocument (id=7) {

}
[1.821][DEBUG]: DEVTOOLS EVENT Page.loadEventFired {
   "timestamp": 1414560296.58649
}
[1.821][DEBUG]: DEVTOOLS EVENT DOM.documentUpdated {

}
[1.821][DEBUG]: DEVTOOLS COMMAND DOM.getDocument (id=8) {

}
[1.821][DEBUG]: DEVTOOLS EVENT Page.domContentEventFired {
   "timestamp": 1414560296.58652
}
[1.821][DEBUG]: DEVTOOLS EVENT Page.frameStoppedLoading {
   "frameId": "2094.1"
}
[1.821][DEBUG]: DEVTOOLS RESPONSE DOM.getDocument (id=7) {
   "root": {
      "baseURL": "data:,",
      "childNodeCount": 1,
      "children": [ {
         "attributes": [  ],
         "childNodeCount": 2,
         "children": [ {
            "attributes": [  ],
            "childNodeCount": 0,
            "localName": "head",
            "nodeId": 7,
            "nodeName": "HEAD",
            "nodeType": 1,
            "nodeValue": ""
         }, {
            "attributes": [  ],
            "childNodeCount": 1,
            "localName": "body",
            "nodeId": 8,
            "nodeName": "BODY",
            "nodeType": 1,
            "nodeValue": ""
         } ],
         "localName": "html",
         "nodeId": 6,
         "nodeName": "HTML",
         "nodeType": 1,
         "nodeValue": ""
      } ],
      "documentURL": "data:,",
      "localName": "",
      "nodeId": 5,
      "nodeName": "#document",
      "nodeType": 9,
      "nodeValue": "",
      "xmlVersion": ""
   }
}
[1.826][DEBUG]: DEVTOOLS RESPONSE DOM.getDocument (id=8) {
   "root": {
      "baseURL": "data:,",
      "childNodeCount": 1,
      "children": [ {
         "attributes": [  ],
         "childNodeCount": 2,
         "children": [ {
            "attributes": [  ],
            "childNodeCount": 0,
            "localName": "head",
            "nodeId": 11,
            "nodeName": "HEAD",
            "nodeType": 1,
            "nodeValue": ""
         }, {
            "attributes": [  ],
            "childNodeCount": 1,
            "localName": "body",
            "nodeId": 12,
            "nodeName": "BODY",
            "nodeType": 1,
            "nodeValue": ""
         } ],
         "localName": "html",
         "nodeId": 10,
         "nodeName": "HTML",
         "nodeType": 1,
         "nodeValue": ""
      } ],
      "documentURL": "data:,",
      "localName": "",
      "nodeId": 9,
      "nodeName": "#document",
      "nodeType": 9,
      "nodeValue": "",
      "xmlVersion": ""
   }
}
[1.826][DEBUG]: DEVTOOLS COMMAND Runtime.evaluate (id=9) {
   "expression": "var isLoaded = document.readyState == 'complete' ||    document.readyState == 'interactive';if (isLoaded) {  var frame = document.createElement('iframe');  frame.src = 'about:blank';  document.body..."
}
[1.876][DEBUG]: DEVTOOLS EVENT DOM.childNodeCountUpdated {
   "childNodeCount": 2,
   "nodeId": 12
}
[1.876][DEBUG]: DEVTOOLS EVENT Page.frameAttached {
   "frameId": "2094.3",
   "parentFrameId": "2094.1"
}
[1.876][DEBUG]: DEVTOOLS EVENT Page.frameStartedLoading {
   "frameId": "2094.3"
}
[1.876][DEBUG]: DEVTOOLS EVENT Page.frameNavigated {
   "frame": {
      "id": "2094.3",
      "loaderId": "2094.4",
      "mimeType": "text/html",
      "name": "",
      "parentId": "2094.1",
      "securityOrigin": "://",
      "url": "about:blank"
   }
}
[1.876][DEBUG]: DEVTOOLS EVENT Runtime.executionContextCreated {
   "context": {
      "frameId": "2094.3",
      "id": 2,
      "isPageContext": true,
      "name": ""
   }
}
[1.876][DEBUG]: DEVTOOLS EVENT Page.frameStoppedLoading {
   "frameId": "2094.3"
}
[1.876][DEBUG]: DEVTOOLS RESPONSE Runtime.evaluate (id=9) {
   "result": {
      "description": "1",
      "type": "number",
      "value": 1
   },
   "wasThrown": false
}
[1.877][INFO]: Done waiting for pending navigations
[1.877][DEBUG]: DEVTOOLS COMMAND Page.navigate (id=10) {
   "url": "http://106.186.19.168:8888/login?next=%2F"
}
[1.877][DEBUG]: DEVTOOLS EVENT DOM.childNodeCountUpdated {
   "childNodeCount": 1,
   "nodeId": 12
}
[1.877][DEBUG]: DEVTOOLS EVENT Page.frameDetached {
   "frameId": "2094.3"
}
[1.877][DEBUG]: DEVTOOLS EVENT Runtime.executionContextDestroyed {
   "executionContextId": 2
}
[2.181][DEBUG]: DEVTOOLS EVENT DOM.documentUpdated {

}
[2.181][DEBUG]: DEVTOOLS COMMAND DOM.getDocument (id=11) {

}
[2.182][DEBUG]: DEVTOOLS EVENT Runtime.executionContextsCleared {

}
[2.182][DEBUG]: DEVTOOLS EVENT Console.messagesCleared {

}
[2.182][DEBUG]: DEVTOOLS RESPONSE Page.navigate (id=10) {
   "frameId": "2098.1"
}
[2.182][DEBUG]: DEVTOOLS COMMAND Runtime.evaluate (id=12) {
   "expression": "document.URL"
}
[2.182][DEBUG]: DEVTOOLS EVENT Page.frameStartedLoading {
   "frameId": "2098.1"
}
[2.183][DEBUG]: DEVTOOLS EVENT Page.frameResized {

}
[2.184][DEBUG]: DEVTOOLS RESPONSE DOM.getDocument (id=11) {
   "root": {
      "baseURL": "",
      "childNodeCount": 1,
      "children": [ {
         "attributes": [  ],
         "childNodeCount": 2,
         "children": [ {
            "attributes": [  ],
            "childNodeCount": 0,
            "localName": "head",
            "nodeId": 3,
            "nodeName": "HEAD",
            "nodeType": 1,
            "nodeValue": ""
         }, {
            "attributes": [  ],
            "childNodeCount": 0,
            "localName": "body",
            "nodeId": 4,
            "nodeName": "BODY",
            "nodeType": 1,
            "nodeValue": ""
         } ],
         "localName": "html",
         "nodeId": 2,
         "nodeName": "HTML",
         "nodeType": 1,
         "nodeValue": ""
      } ],
      "documentURL": "",
      "localName": "",
      "nodeId": 1,
      "nodeName": "#document",
      "nodeType": 9,
      "nodeValue": "",
      "xmlVersion": ""
   }
}
[2.198][DEBUG]: DEVTOOLS RESPONSE Runtime.evaluate (id=12) {
   "result": {
      "type": "string",
      "value": ""
   },
   "wasThrown": false
}
[2.198][INFO]: Waiting for pending navigations...
[2.575][DEBUG]: DEVTOOLS EVENT Console.messagesCleared {

}
[2.575][DEBUG]: DEVTOOLS EVENT Page.frameNavigated {
   "frame": {
      "id": "2098.1",
      "loaderId": "2098.2",
      "mimeType": "text/html",
      "securityOrigin": "http://106.186.19.168:8888",
      "url": "http://106.186.19.168:8888/login?next=%2F"
   }
}
[2.575][DEBUG]: DEVTOOLS EVENT Runtime.executionContextsCleared {

}
[2.575][DEBUG]: DEVTOOLS EVENT Runtime.executionContextCreated {
   "context": {
      "frameId": "2098.1",
      "id": 2,
      "isPageContext": true,
      "name": ""
   }
}
[3.406][DEBUG]: DEVTOOLS EVENT DOM.documentUpdated {

}
[3.407][DEBUG]: DEVTOOLS COMMAND DOM.getDocument (id=13) {

}
[3.407][DEBUG]: DEVTOOLS EVENT Page.domContentEventFired {
   "timestamp": 1414560298.19561
}
[3.425][DEBUG]: DEVTOOLS RESPONSE DOM.getDocument (id=13) {
   "root": {
      "baseURL": "http://106.186.19.168:8888/login?next=%2F",
      "childNodeCount": 2,
      "children": [ {
         "localName": "",
         "nodeId": 6,
         "nodeName": "html",
         "nodeType": 10,
         "nodeValue": "",
         "publicId": "",
         "systemId": ""
      }, {
         "attributes": [  ],
         "childNodeCount": 2,
         "children": [ {
            "attributes": [  ],
            "childNodeCount": 11,
            "localName": "head",
            "nodeId": 8,
            "nodeName": "HEAD",
            "nodeType": 1,
            "nodeValue": ""
         }, {
            "attributes": [  ],
            "childNodeCount": 2,
            "localName": "body",
            "nodeId": 9,
            "nodeName": "BODY",
            "nodeType": 1,
            "nodeValue": ""
         } ],
         "localName": "html",
         "nodeId": 7,
         "nodeName": "HTML",
         "nodeType": 1,
         "nodeValue": ""
      } ],
      "documentURL": "http://106.186.19.168:8888/login?next=%2F",
      "localName": "",
      "nodeId": 5,
      "nodeName": "#document",
      "nodeType": 9,
      "nodeValue": "",
      "xmlVersion": ""
   }
}
[3.558][DEBUG]: DEVTOOLS EVENT Page.loadEventFired {
   "timestamp": 1414560298.33039
}
[3.558][DEBUG]: DEVTOOLS EVENT Page.frameStoppedLoading {
   "frameId": "2098.1"
}
[3.558][INFO]: Done waiting for pending navigations
[3.558][INFO]: RESPONSE Navigate
[3.560][INFO]: COMMAND FindElement {
   "sessionId": "d2447b57e3b4916e5318b834984e5b51",
   "using": "name",
   "value": "account"
}
[3.560][INFO]: Waiting for pending navigations...
[3.560][INFO]: Done waiting for pending navigations
[3.561][DEBUG]: DEVTOOLS COMMAND Runtime.evaluate (id=14) {
   "expression": "(function() { // Copyright (c) 2012 The Chromium Authors. All rights reserved.\n// Use of this source code is governed by a BSD-style license that can be\n// found in the LICENSE file.\n\n/**\n * Enum f...",
   "returnByValue": true
}
[3.575][DEBUG]: DEVTOOLS RESPONSE Runtime.evaluate (id=14) {
   "result": {
      "type": "object",
      "value": {
         "status": 0,
         "value": {
            "ELEMENT": "0.3006867221556604-1"
         }
      }
   },
   "wasThrown": false
}
[3.575][INFO]: Waiting for pending navigations...
[3.575][INFO]: Done waiting for pending navigations
[3.575][INFO]: RESPONSE FindElement {
   "ELEMENT": "0.3006867221556604-1"
}
[3.577][INFO]: COMMAND TypeElement {
   "id": "0.3006867221556604-1",
   "sessionId": "d2447b57e3b4916e5318b834984e5b51",
   "value": [ "a", "d", "m", "i", "n" ]
}
[3.577][INFO]: Waiting for pending navigations...
[3.577][INFO]: Done waiting for pending navigations
[3.577][DEBUG]: DEVTOOLS COMMAND Runtime.evaluate (id=15) {
   "expression": "(function() { // Copyright (c) 2012 The Chromium Authors. All rights reserved.\n// Use of this source code is governed by a BSD-style license that can be\n// found in the LICENSE file.\n\n/**\n * Enum f...",
   "returnByValue": true
}
[3.583][DEBUG]: DEVTOOLS RESPONSE Runtime.evaluate (id=15) {
   "result": {
      "type": "object",
      "value": {
         "status": 0,
         "value": "INPUT"
      }
   },
   "wasThrown": false
}
[3.584][DEBUG]: DEVTOOLS COMMAND Runtime.evaluate (id=16) {
   "expression": "(function() { // Copyright (c) 2012 The Chromium Authors. All rights reserved.\n// Use of this source code is governed by a BSD-style license that can be\n// found in the LICENSE file.\n\n/**\n * Enum f...",
   "returnByValue": true
}
[3.590][DEBUG]: DEVTOOLS RESPONSE Runtime.evaluate (id=16) {
   "result": {
      "type": "object",
      "value": {
         "status": 0,
         "value": "text"
      }
   },
   "wasThrown": false
}
[3.590][DEBUG]: DEVTOOLS COMMAND Runtime.evaluate (id=17) {
   "expression": "(function() { // Copyright (c) 2012 The Chromium Authors. All rights reserved.\n// Use of this source code is governed by a BSD-style license that can be\n// found in the LICENSE file.\n\n/**\n * Enum f...",
   "returnByValue": true
}
[3.600][DEBUG]: DEVTOOLS RESPONSE Runtime.evaluate (id=17) {
   "result": {
      "type": "object",
      "value": {
         "status": 0,
         "value": true
      }
   },
   "wasThrown": false
}
[3.600][DEBUG]: DEVTOOLS COMMAND Runtime.evaluate (id=18) {
   "expression": "(function() { // Copyright (c) 2012 The Chromium Authors. All rights reserved.\n// Use of this source code is governed by a BSD-style license that can be\n// found in the LICENSE file.\n\n/**\n * Enum f...",
   "returnByValue": true
}
[3.603][DEBUG]: DEVTOOLS RESPONSE Runtime.evaluate (id=18) {
   "result": {
      "type": "object",
      "value": {
         "status": 0,
         "value": true
      }
   },
   "wasThrown": false
}
[3.604][DEBUG]: DEVTOOLS COMMAND Runtime.evaluate (id=19) {
   "expression": "(function() { // Copyright (c) 2012 The Chromium Authors. All rights reserved.\n// Use of this source code is governed by a BSD-style license that can be\n// found in the LICENSE file.\n\n/**\n * Enum f...",
   "returnByValue": true
}
[3.613][DEBUG]: DEVTOOLS RESPONSE Runtime.evaluate (id=19) {
   "result": {
      "type": "object",
      "value": {
         "status": 0,
         "value": null
      }
   },
   "wasThrown": false
}
[3.625][DEBUG]: DEVTOOLS COMMAND Input.dispatchKeyEvent (id=20) {
   "modifiers": 0,
   "nativeVirtualKeyCode": 65,
   "text": "",
   "type": "rawKeyDown",
   "unmodifiedText": "",
   "windowsVirtualKeyCode": 65
}
[3.627][DEBUG]: DEVTOOLS RESPONSE Input.dispatchKeyEvent (id=20) {

}
[3.627][DEBUG]: DEVTOOLS COMMAND Input.dispatchKeyEvent (id=21) {
   "modifiers": 0,
   "nativeVirtualKeyCode": 0,
   "text": "a",
   "type": "char",
   "unmodifiedText": "a",
   "windowsVirtualKeyCode": 0
}
[3.629][DEBUG]: DEVTOOLS RESPONSE Input.dispatchKeyEvent (id=21) {

}
[3.629][DEBUG]: DEVTOOLS COMMAND Input.dispatchKeyEvent (id=22) {
   "modifiers": 0,
   "nativeVirtualKeyCode": 65,
   "text": "",
   "type": "keyUp",
   "unmodifiedText": "",
   "windowsVirtualKeyCode": 65
}
[3.638][DEBUG]: DEVTOOLS RESPONSE Input.dispatchKeyEvent (id=22) {

}
[3.638][DEBUG]: DEVTOOLS COMMAND Input.dispatchKeyEvent (id=23) {
   "modifiers": 0,
   "nativeVirtualKeyCode": 68,
   "text": "",
   "type": "rawKeyDown",
   "unmodifiedText": "",
   "windowsVirtualKeyCode": 68
}
[3.642][DEBUG]: DEVTOOLS RESPONSE Input.dispatchKeyEvent (id=23) {

}
[3.642][DEBUG]: DEVTOOLS COMMAND Input.dispatchKeyEvent (id=24) {
   "modifiers": 0,
   "nativeVirtualKeyCode": 0,
   "text": "d",
   "type": "char",
   "unmodifiedText": "d",
   "windowsVirtualKeyCode": 0
}
[3.644][DEBUG]: DEVTOOLS RESPONSE Input.dispatchKeyEvent (id=24) {

}
[3.644][DEBUG]: DEVTOOLS COMMAND Input.dispatchKeyEvent (id=25) {
   "modifiers": 0,
   "nativeVirtualKeyCode": 68,
   "text": "",
   "type": "keyUp",
   "unmodifiedText": "",
   "windowsVirtualKeyCode": 68
}
[3.645][DEBUG]: DEVTOOLS RESPONSE Input.dispatchKeyEvent (id=25) {

}
[3.645][DEBUG]: DEVTOOLS COMMAND Input.dispatchKeyEvent (id=26) {
   "modifiers": 0,
   "nativeVirtualKeyCode": 77,
   "text": "",
   "type": "rawKeyDown",
   "unmodifiedText": "",
   "windowsVirtualKeyCode": 77
}
[3.646][DEBUG]: DEVTOOLS RESPONSE Input.dispatchKeyEvent (id=26) {

}
[3.646][DEBUG]: DEVTOOLS COMMAND Input.dispatchKeyEvent (id=27) {
   "modifiers": 0,
   "nativeVirtualKeyCode": 0,
   "text": "m",
   "type": "char",
   "unmodifiedText": "m",
   "windowsVirtualKeyCode": 0
}
[3.647][DEBUG]: DEVTOOLS RESPONSE Input.dispatchKeyEvent (id=27) {

}
[3.647][DEBUG]: DEVTOOLS COMMAND Input.dispatchKeyEvent (id=28) {
   "modifiers": 0,
   "nativeVirtualKeyCode": 77,
   "text": "",
   "type": "keyUp",
   "unmodifiedText": "",
   "windowsVirtualKeyCode": 77
}
[3.648][DEBUG]: DEVTOOLS RESPONSE Input.dispatchKeyEvent (id=28) {

}
[3.648][DEBUG]: DEVTOOLS COMMAND Input.dispatchKeyEvent (id=29) {
   "modifiers": 0,
   "nativeVirtualKeyCode": 73,
   "text": "",
   "type": "rawKeyDown",
   "unmodifiedText": "",
   "windowsVirtualKeyCode": 73
}
[3.649][DEBUG]: DEVTOOLS RESPONSE Input.dispatchKeyEvent (id=29) {

}
[3.649][DEBUG]: DEVTOOLS COMMAND Input.dispatchKeyEvent (id=30) {
   "modifiers": 0,
   "nativeVirtualKeyCode": 0,
   "text": "i",
   "type": "char",
   "unmodifiedText": "i",
   "windowsVirtualKeyCode": 0
}
[3.650][DEBUG]: DEVTOOLS RESPONSE Input.dispatchKeyEvent (id=30) {

}
[3.650][DEBUG]: DEVTOOLS COMMAND Input.dispatchKeyEvent (id=31) {
   "modifiers": 0,
   "nativeVirtualKeyCode": 73,
   "text": "",
   "type": "keyUp",
   "unmodifiedText": "",
   "windowsVirtualKeyCode": 73
}
[3.651][DEBUG]: DEVTOOLS RESPONSE Input.dispatchKeyEvent (id=31) {

}
[3.651][DEBUG]: DEVTOOLS COMMAND Input.dispatchKeyEvent (id=32) {
   "modifiers": 0,
   "nativeVirtualKeyCode": 78,
   "text": "",
   "type": "rawKeyDown",
   "unmodifiedText": "",
   "windowsVirtualKeyCode": 78
}
[3.652][DEBUG]: DEVTOOLS RESPONSE Input.dispatchKeyEvent (id=32) {

}
[3.652][DEBUG]: DEVTOOLS COMMAND Input.dispatchKeyEvent (id=33) {
   "modifiers": 0,
   "nativeVirtualKeyCode": 0,
   "text": "n",
   "type": "char",
   "unmodifiedText": "n",
   "windowsVirtualKeyCode": 0
}
[3.653][DEBUG]: DEVTOOLS RESPONSE Input.dispatchKeyEvent (id=33) {

}
[3.653][DEBUG]: DEVTOOLS COMMAND Input.dispatchKeyEvent (id=34) {
   "modifiers": 0,
   "nativeVirtualKeyCode": 78,
   "text": "",
   "type": "keyUp",
   "unmodifiedText": "",
   "windowsVirtualKeyCode": 78
}
[3.654][DEBUG]: DEVTOOLS RESPONSE Input.dispatchKeyEvent (id=34) {

}
[3.654][INFO]: Waiting for pending navigations...
[3.654][INFO]: Done waiting for pending navigations
[3.654][INFO]: RESPONSE TypeElement
[3.656][INFO]: COMMAND FindElement {
   "sessionId": "d2447b57e3b4916e5318b834984e5b51",
   "using": "name",
   "value": "password"
}
[3.656][INFO]: Waiting for pending navigations...
[3.656][INFO]: Done waiting for pending navigations
[3.657][DEBUG]: DEVTOOLS COMMAND Runtime.evaluate (id=35) {
   "expression": "(function() { // Copyright (c) 2012 The Chromium Authors. All rights reserved.\n// Use of this source code is governed by a BSD-style license that can be\n// found in the LICENSE file.\n\n/**\n * Enum f...",
   "returnByValue": true
}
[3.686][DEBUG]: DEVTOOLS RESPONSE Runtime.evaluate (id=35) {
   "result": {
      "type": "object",
      "value": {
         "status": 0,
         "value": {
            "ELEMENT": "0.3006867221556604-2"
         }
      }
   },
   "wasThrown": false
}
[3.686][INFO]: Waiting for pending navigations...
[3.686][INFO]: Done waiting for pending navigations
[3.686][INFO]: RESPONSE FindElement {
   "ELEMENT": "0.3006867221556604-2"
}
[3.688][INFO]: COMMAND TypeElement {
   "id": "0.3006867221556604-2",
   "sessionId": "d2447b57e3b4916e5318b834984e5b51",
   "value": [ "1", "2", "3", "4", "5", "6" ]
}
[3.688][INFO]: Waiting for pending navigations...
[3.688][INFO]: Done waiting for pending navigations
[3.688][DEBUG]: DEVTOOLS COMMAND Runtime.evaluate (id=36) {
   "expression": "(function() { // Copyright (c) 2012 The Chromium Authors. All rights reserved.\n// Use of this source code is governed by a BSD-style license that can be\n// found in the LICENSE file.\n\n/**\n * Enum f...",
   "returnByValue": true
}
[3.696][DEBUG]: DEVTOOLS RESPONSE Runtime.evaluate (id=36) {
   "result": {
      "type": "object",
      "value": {
         "status": 0,
         "value": "INPUT"
      }
   },
   "wasThrown": false
}
[3.696][DEBUG]: DEVTOOLS COMMAND Runtime.evaluate (id=37) {
   "expression": "(function() { // Copyright (c) 2012 The Chromium Authors. All rights reserved.\n// Use of this source code is governed by a BSD-style license that can be\n// found in the LICENSE file.\n\n/**\n * Enum f...",
   "returnByValue": true
}
[3.704][DEBUG]: DEVTOOLS RESPONSE Runtime.evaluate (id=37) {
   "result": {
      "type": "object",
      "value": {
         "status": 0,
         "value": "password"
      }
   },
   "wasThrown": false
}
[3.704][DEBUG]: DEVTOOLS COMMAND Runtime.evaluate (id=38) {
   "expression": "(function() { // Copyright (c) 2012 The Chromium Authors. All rights reserved.\n// Use of this source code is governed by a BSD-style license that can be\n// found in the LICENSE file.\n\n/**\n * Enum f...",
   "returnByValue": true
}
[3.716][DEBUG]: DEVTOOLS RESPONSE Runtime.evaluate (id=38) {
   "result": {
      "type": "object",
      "value": {
         "status": 0,
         "value": true
      }
   },
   "wasThrown": false
}
[3.717][DEBUG]: DEVTOOLS COMMAND Runtime.evaluate (id=39) {
   "expression": "(function() { // Copyright (c) 2012 The Chromium Authors. All rights reserved.\n// Use of this source code is governed by a BSD-style license that can be\n// found in the LICENSE file.\n\n/**\n * Enum f...",
   "returnByValue": true
}
[3.720][DEBUG]: DEVTOOLS RESPONSE Runtime.evaluate (id=39) {
   "result": {
      "type": "object",
      "value": {
         "status": 0,
         "value": true
      }
   },
   "wasThrown": false
}
[3.720][DEBUG]: DEVTOOLS COMMAND Runtime.evaluate (id=40) {
   "expression": "(function() { // Copyright (c) 2012 The Chromium Authors. All rights reserved.\n// Use of this source code is governed by a BSD-style license that can be\n// found in the LICENSE file.\n\n/**\n * Enum f...",
   "returnByValue": true
}
[3.725][DEBUG]: DEVTOOLS RESPONSE Runtime.evaluate (id=40) {
   "result": {
      "type": "object",
      "value": {
         "status": 0,
         "value": null
      }
   },
   "wasThrown": false
}
[3.726][DEBUG]: DEVTOOLS COMMAND Input.dispatchKeyEvent (id=41) {
   "modifiers": 0,
   "nativeVirtualKeyCode": 49,
   "text": "",
   "type": "rawKeyDown",
   "unmodifiedText": "",
   "windowsVirtualKeyCode": 49
}
[3.728][DEBUG]: DEVTOOLS RESPONSE Input.dispatchKeyEvent (id=41) {

}
[3.728][DEBUG]: DEVTOOLS COMMAND Input.dispatchKeyEvent (id=42) {
   "modifiers": 0,
   "nativeVirtualKeyCode": 0,
   "text": "1",
   "type": "char",
   "unmodifiedText": "1",
   "windowsVirtualKeyCode": 0
}
[3.746][DEBUG]: DEVTOOLS RESPONSE Input.dispatchKeyEvent (id=42) {

}
[3.746][DEBUG]: DEVTOOLS COMMAND Input.dispatchKeyEvent (id=43) {
   "modifiers": 0,
   "nativeVirtualKeyCode": 49,
   "text": "",
   "type": "keyUp",
   "unmodifiedText": "",
   "windowsVirtualKeyCode": 49
}
[3.751][DEBUG]: DEVTOOLS RESPONSE Input.dispatchKeyEvent (id=43) {

}
[3.751][DEBUG]: DEVTOOLS COMMAND Input.dispatchKeyEvent (id=44) {
   "modifiers": 0,
   "nativeVirtualKeyCode": 50,
   "text": "",
   "type": "rawKeyDown",
   "unmodifiedText": "",
   "windowsVirtualKeyCode": 50
}
[3.752][DEBUG]: DEVTOOLS RESPONSE Input.dispatchKeyEvent (id=44) {

}
[3.752][DEBUG]: DEVTOOLS COMMAND Input.dispatchKeyEvent (id=45) {
   "modifiers": 0,
   "nativeVirtualKeyCode": 0,
   "text": "2",
   "type": "char",
   "unmodifiedText": "2",
   "windowsVirtualKeyCode": 0
}
[3.753][DEBUG]: DEVTOOLS RESPONSE Input.dispatchKeyEvent (id=45) {

}
[3.753][DEBUG]: DEVTOOLS COMMAND Input.dispatchKeyEvent (id=46) {
   "modifiers": 0,
   "nativeVirtualKeyCode": 50,
   "text": "",
   "type": "keyUp",
   "unmodifiedText": "",
   "windowsVirtualKeyCode": 50
}
[3.755][DEBUG]: DEVTOOLS RESPONSE Input.dispatchKeyEvent (id=46) {

}
[3.755][DEBUG]: DEVTOOLS COMMAND Input.dispatchKeyEvent (id=47) {
   "modifiers": 0,
   "nativeVirtualKeyCode": 51,
   "text": "",
   "type": "rawKeyDown",
   "unmodifiedText": "",
   "windowsVirtualKeyCode": 51
}
[3.758][DEBUG]: DEVTOOLS RESPONSE Input.dispatchKeyEvent (id=47) {

}
[3.758][DEBUG]: DEVTOOLS COMMAND Input.dispatchKeyEvent (id=48) {
   "modifiers": 0,
   "nativeVirtualKeyCode": 0,
   "text": "3",
   "type": "char",
   "unmodifiedText": "3",
   "windowsVirtualKeyCode": 0
}
[3.760][DEBUG]: DEVTOOLS RESPONSE Input.dispatchKeyEvent (id=48) {

}
[3.760][DEBUG]: DEVTOOLS COMMAND Input.dispatchKeyEvent (id=49) {
   "modifiers": 0,
   "nativeVirtualKeyCode": 51,
   "text": "",
   "type": "keyUp",
   "unmodifiedText": "",
   "windowsVirtualKeyCode": 51
}
[3.761][DEBUG]: DEVTOOLS RESPONSE Input.dispatchKeyEvent (id=49) {

}
[3.761][DEBUG]: DEVTOOLS COMMAND Input.dispatchKeyEvent (id=50) {
   "modifiers": 0,
   "nativeVirtualKeyCode": 52,
   "text": "",
   "type": "rawKeyDown",
   "unmodifiedText": "",
   "windowsVirtualKeyCode": 52
}
[3.762][DEBUG]: DEVTOOLS RESPONSE Input.dispatchKeyEvent (id=50) {

}
[3.762][DEBUG]: DEVTOOLS COMMAND Input.dispatchKeyEvent (id=51) {
   "modifiers": 0,
   "nativeVirtualKeyCode": 0,
   "text": "4",
   "type": "char",
   "unmodifiedText": "4",
   "windowsVirtualKeyCode": 0
}
[3.763][DEBUG]: DEVTOOLS RESPONSE Input.dispatchKeyEvent (id=51) {

}
[3.763][DEBUG]: DEVTOOLS COMMAND Input.dispatchKeyEvent (id=52) {
   "modifiers": 0,
   "nativeVirtualKeyCode": 52,
   "text": "",
   "type": "keyUp",
   "unmodifiedText": "",
   "windowsVirtualKeyCode": 52
}
[3.764][DEBUG]: DEVTOOLS RESPONSE Input.dispatchKeyEvent (id=52) {

}
[3.764][DEBUG]: DEVTOOLS COMMAND Input.dispatchKeyEvent (id=53) {
   "modifiers": 0,
   "nativeVirtualKeyCode": 53,
   "text": "",
   "type": "rawKeyDown",
   "unmodifiedText": "",
   "windowsVirtualKeyCode": 53
}
[3.765][DEBUG]: DEVTOOLS RESPONSE Input.dispatchKeyEvent (id=53) {

}
[3.765][DEBUG]: DEVTOOLS COMMAND Input.dispatchKeyEvent (id=54) {
   "modifiers": 0,
   "nativeVirtualKeyCode": 0,
   "text": "5",
   "type": "char",
   "unmodifiedText": "5",
   "windowsVirtualKeyCode": 0
}
[3.766][DEBUG]: DEVTOOLS RESPONSE Input.dispatchKeyEvent (id=54) {

}
[3.766][DEBUG]: DEVTOOLS COMMAND Input.dispatchKeyEvent (id=55) {
   "modifiers": 0,
   "nativeVirtualKeyCode": 53,
   "text": "",
   "type": "keyUp",
   "unmodifiedText": "",
   "windowsVirtualKeyCode": 53
}
[3.767][DEBUG]: DEVTOOLS RESPONSE Input.dispatchKeyEvent (id=55) {

}
[3.768][DEBUG]: DEVTOOLS COMMAND Input.dispatchKeyEvent (id=56) {
   "modifiers": 0,
   "nativeVirtualKeyCode": 54,
   "text": "",
   "type": "rawKeyDown",
   "unmodifiedText": "",
   "windowsVirtualKeyCode": 54
}
[3.768][DEBUG]: DEVTOOLS RESPONSE Input.dispatchKeyEvent (id=56) {

}
[3.768][DEBUG]: DEVTOOLS COMMAND Input.dispatchKeyEvent (id=57) {
   "modifiers": 0,
   "nativeVirtualKeyCode": 0,
   "text": "6",
   "type": "char",
   "unmodifiedText": "6",
   "windowsVirtualKeyCode": 0
}
[3.769][DEBUG]: DEVTOOLS RESPONSE Input.dispatchKeyEvent (id=57) {

}
[3.770][DEBUG]: DEVTOOLS COMMAND Input.dispatchKeyEvent (id=58) {
   "modifiers": 0,
   "nativeVirtualKeyCode": 54,
   "text": "",
   "type": "keyUp",
   "unmodifiedText": "",
   "windowsVirtualKeyCode": 54
}
[3.771][DEBUG]: DEVTOOLS RESPONSE Input.dispatchKeyEvent (id=58) {

}
[3.771][INFO]: Waiting for pending navigations...
[3.771][INFO]: Done waiting for pending navigations
[3.771][INFO]: RESPONSE TypeElement
[3.772][INFO]: COMMAND FindElement {
   "sessionId": "d2447b57e3b4916e5318b834984e5b51",
   "using": "css selector",
   "value": "div.login_button > input[value=\"Login\"]"
}
[3.772][INFO]: Waiting for pending navigations...
[3.772][INFO]: Done waiting for pending navigations
[3.773][DEBUG]: DEVTOOLS COMMAND Runtime.evaluate (id=59) {
   "expression": "(function() { // Copyright (c) 2012 The Chromium Authors. All rights reserved.\n// Use of this source code is governed by a BSD-style license that can be\n// found in the LICENSE file.\n\n/**\n * Enum f...",
   "returnByValue": true
}
[3.786][DEBUG]: DEVTOOLS RESPONSE Runtime.evaluate (id=59) {
   "result": {
      "type": "object",
      "value": {
         "status": 0,
         "value": {
            "ELEMENT": "0.3006867221556604-3"
         }
      }
   },
   "wasThrown": false
}
[3.786][INFO]: Waiting for pending navigations...
[3.786][INFO]: Done waiting for pending navigations
[3.786][INFO]: RESPONSE FindElement {
   "ELEMENT": "0.3006867221556604-3"
}
[3.788][INFO]: COMMAND ClickElement {
   "id": "0.3006867221556604-3",
   "sessionId": "d2447b57e3b4916e5318b834984e5b51"
}
[3.788][INFO]: Waiting for pending navigations...
[3.788][INFO]: Done waiting for pending navigations
[3.789][DEBUG]: DEVTOOLS COMMAND Runtime.evaluate (id=60) {
   "expression": "(function() { // Copyright (c) 2012 The Chromium Authors. All rights reserved.\n// Use of this source code is governed by a BSD-style license that can be\n// found in the LICENSE file.\n\n/**\n * Enum f...",
   "returnByValue": true
}
[3.793][DEBUG]: DEVTOOLS RESPONSE Runtime.evaluate (id=60) {
   "result": {
      "type": "object",
      "value": {
         "status": 0,
         "value": "input"
      }
   },
   "wasThrown": false
}
[3.793][DEBUG]: DEVTOOLS COMMAND Runtime.evaluate (id=61) {
   "expression": "(function() { // Copyright (c) 2012 The Chromium Authors. All rights reserved.\n// Use of this source code is governed by a BSD-style license that can be\n// found in the LICENSE file.\n\n/**\n * Enum f...",
   "returnByValue": true
}
[3.794][DEBUG]: DEVTOOLS RESPONSE Runtime.evaluate (id=61) {
   "result": {
      "type": "object",
      "value": {
         "status": 0,
         "value": "input"
      }
   },
   "wasThrown": false
}
[3.794][DEBUG]: DEVTOOLS COMMAND Runtime.evaluate (id=62) {
   "expression": "(function() { // Copyright (c) 2012 The Chromium Authors. All rights reserved.\n// Use of this source code is governed by a BSD-style license that can be\n// found in the LICENSE file.\n\n/**\n * Enum f...",
   "returnByValue": true
}
[3.804][DEBUG]: DEVTOOLS RESPONSE Runtime.evaluate (id=62) {
   "result": {
      "type": "object",
      "value": {
         "status": 0,
         "value": true
      }
   },
   "wasThrown": false
}
[3.804][DEBUG]: DEVTOOLS COMMAND Runtime.evaluate (id=63) {
   "expression": "(function() { // Copyright (c) 2012 The Chromium Authors. All rights reserved.\n// Use of this source code is governed by a BSD-style license that can be\n// found in the LICENSE file.\n\n/**\n * Enum f...",
   "returnByValue": true
}
[3.811][DEBUG]: DEVTOOLS RESPONSE Runtime.evaluate (id=63) {
   "result": {
      "type": "object",
      "value": {
         "status": 0,
         "value": {
            "height": 56,
            "left": 0,
            "top": 0,
            "width": 420
         }
      }
   },
   "wasThrown": false
}
[3.811][DEBUG]: DEVTOOLS COMMAND Runtime.evaluate (id=64) {
   "expression": "(function() { // Copyright (c) 2012 The Chromium Authors. All rights reserved.\n// Use of this source code is governed by a BSD-style license that can be\n// found in the LICENSE file.\n\n/**\n * Enum f...",
   "returnByValue": true
}
[3.817][DEBUG]: DEVTOOLS RESPONSE Runtime.evaluate (id=64) {
   "result": {
      "type": "object",
      "value": {
         "status": 0,
         "value": {
            "ceil": {

            },
            "clone": {

            },
            "floor": {

            },
            "round": {

            },
            "scale": {

            },
            "toString": {

            },
            "translate": {

            },
            "x": 288,
            "y": 438
         }
      }
   },
   "wasThrown": false
}
[3.818][DEBUG]: DEVTOOLS COMMAND Runtime.evaluate (id=65) {
   "expression": "(function() { // Copyright (c) 2012 The Chromium Authors. All rights reserved.\n// Use of this source code is governed by a BSD-style license that can be\n// found in the LICENSE file.\n\n/**\n * Enum f...",
   "returnByValue": true
}
[3.820][DEBUG]: DEVTOOLS RESPONSE Runtime.evaluate (id=65) {
   "result": {
      "type": "object",
      "value": {
         "status": 0,
         "value": {
            "clickable": true
         }
      }
   },
   "wasThrown": false
}
[3.820][DEBUG]: DEVTOOLS COMMAND Input.dispatchMouseEvent (id=66) {
   "button": "none",
   "clickCount": 0,
   "modifiers": 0,
   "type": "mouseMoved",
   "x": 498,
   "y": 466
}
[3.821][DEBUG]: DEVTOOLS RESPONSE Input.dispatchMouseEvent (id=66) {

}
[3.821][DEBUG]: DEVTOOLS COMMAND Input.dispatchMouseEvent (id=67) {
   "button": "left",
   "clickCount": 1,
   "modifiers": 0,
   "type": "mousePressed",
   "x": 498,
   "y": 466
}
[3.825][DEBUG]: DEVTOOLS RESPONSE Input.dispatchMouseEvent (id=67) {

}
[3.825][DEBUG]: DEVTOOLS COMMAND Input.dispatchMouseEvent (id=68) {
   "button": "left",
   "clickCount": 1,
   "modifiers": 0,
   "type": "mouseReleased",
   "x": 498,
   "y": 466
}
[3.835][DEBUG]: DEVTOOLS EVENT Page.frameScheduledNavigation {
   "delay": 0,
   "frameId": "2098.1"
}
[3.835][DEBUG]: DEVTOOLS RESPONSE Input.dispatchMouseEvent (id=68) {

}
[3.835][INFO]: Waiting for pending navigations...
[3.877][DEBUG]: DEVTOOLS EVENT Page.frameStartedLoading {
   "frameId": "2098.1"
}
[3.877][DEBUG]: DEVTOOLS EVENT Page.frameClearedScheduledNavigation {
   "frameId": "2098.1"
}
[4.206][DEBUG]: DEVTOOLS EVENT Runtime.executionContextDestroyed {
   "executionContextId": 2
}
[4.206][DEBUG]: DEVTOOLS EVENT Console.messagesCleared {

}
[4.207][DEBUG]: DEVTOOLS EVENT Page.frameNavigated {
   "frame": {
      "id": "2098.1",
      "loaderId": "2098.3",
      "mimeType": "text/html",
      "securityOrigin": "http://106.186.19.168:8888",
      "url": "http://106.186.19.168:8888/"
   }
}
[4.207][DEBUG]: DEVTOOLS EVENT Runtime.executionContextsCleared {

}
[4.207][DEBUG]: DEVTOOLS EVENT Runtime.executionContextCreated {
   "context": {
      "frameId": "2098.1",
      "id": 3,
      "isPageContext": true,
      "name": ""
   }
}
[4.645][DEBUG]: DEVTOOLS EVENT DOM.documentUpdated {

}
[4.645][DEBUG]: DEVTOOLS COMMAND DOM.getDocument (id=69) {

}
[4.646][DEBUG]: DEVTOOLS EVENT Page.domContentEventFired {
   "timestamp": 1414560299.43456
}
[4.646][DEBUG]: DEVTOOLS RESPONSE DOM.getDocument (id=69) {
   "root": {
      "baseURL": "http://106.186.19.168:8888/",
      "childNodeCount": 2,
      "children": [ {
         "localName": "",
         "nodeId": 11,
         "nodeName": "html",
         "nodeType": 10,
         "nodeValue": "",
         "publicId": "",
         "systemId": ""
      }, {
         "attributes": [  ],
         "childNodeCount": 2,
         "children": [ {
            "attributes": [  ],
            "childNodeCount": 14,
            "localName": "head",
            "nodeId": 13,
            "nodeName": "HEAD",
            "nodeType": 1,
            "nodeValue": ""
         }, {
            "attributes": [  ],
            "childNodeCount": 2,
            "localName": "body",
            "nodeId": 14,
            "nodeName": "BODY",
            "nodeType": 1,
            "nodeValue": ""
         } ],
         "localName": "html",
         "nodeId": 12,
         "nodeName": "HTML",
         "nodeType": 1,
         "nodeValue": ""
      } ],
      "documentURL": "http://106.186.19.168:8888/",
      "localName": "",
      "nodeId": 10,
      "nodeName": "#document",
      "nodeType": 9,
      "nodeValue": "",
      "xmlVersion": ""
   }
}
[7.048][DEBUG]: DEVTOOLS EVENT Page.loadEventFired {
   "timestamp": 1414560301.82496
}
[7.048][DEBUG]: DEVTOOLS EVENT Page.frameStoppedLoading {
   "frameId": "2098.1"
}
[7.049][INFO]: Done waiting for pending navigations
[7.049][INFO]: RESPONSE ClickElement
[7.051][INFO]: COMMAND FindElement {
   "sessionId": "d2447b57e3b4916e5318b834984e5b51",
   "using": "css selector",
   "value": "#li_id_user"
}
[7.051][INFO]: Waiting for pending navigations...
[7.051][INFO]: Done waiting for pending navigations
[7.052][DEBUG]: DEVTOOLS COMMAND Runtime.evaluate (id=70) {
   "expression": "(function() { // Copyright (c) 2012 The Chromium Authors. All rights reserved.\n// Use of this source code is governed by a BSD-style license that can be\n// found in the LICENSE file.\n\n/**\n * Enum f...",
   "returnByValue": true
}
[7.072][DEBUG]: DEVTOOLS RESPONSE Runtime.evaluate (id=70) {
   "result": {
      "type": "object",
      "value": {
         "status": 0,
         "value": {
            "ELEMENT": "0.30308861564844847-1"
         }
      }
   },
   "wasThrown": false
}
[7.072][INFO]: Waiting for pending navigations...
[7.072][INFO]: Done waiting for pending navigations
[7.072][INFO]: RESPONSE FindElement {
   "ELEMENT": "0.30308861564844847-1"
}
[7.075][INFO]: COMMAND ClickElement {
   "id": "0.30308861564844847-1",
   "sessionId": "d2447b57e3b4916e5318b834984e5b51"
}
[7.075][INFO]: Waiting for pending navigations...
[7.075][INFO]: Done waiting for pending navigations
[7.075][DEBUG]: DEVTOOLS COMMAND Runtime.evaluate (id=71) {
   "expression": "(function() { // Copyright (c) 2012 The Chromium Authors. All rights reserved.\n// Use of this source code is governed by a BSD-style license that can be\n// found in the LICENSE file.\n\n/**\n * Enum f...",
   "returnByValue": true
}
[7.112][DEBUG]: DEVTOOLS RESPONSE Runtime.evaluate (id=71) {
   "result": {
      "type": "object",
      "value": {
         "status": 0,
         "value": "li"
      }
   },
   "wasThrown": false
}
[7.112][DEBUG]: DEVTOOLS COMMAND Runtime.evaluate (id=72) {
   "expression": "(function() { // Copyright (c) 2012 The Chromium Authors. All rights reserved.\n// Use of this source code is governed by a BSD-style license that can be\n// found in the LICENSE file.\n\n/**\n * Enum f...",
   "returnByValue": true
}
[7.121][DEBUG]: DEVTOOLS RESPONSE Runtime.evaluate (id=72) {
   "result": {
      "type": "object",
      "value": {
         "status": 0,
         "value": "li"
      }
   },
   "wasThrown": false
}
[7.122][DEBUG]: DEVTOOLS COMMAND Runtime.evaluate (id=73) {
   "expression": "(function() { // Copyright (c) 2012 The Chromium Authors. All rights reserved.\n// Use of this source code is governed by a BSD-style license that can be\n// found in the LICENSE file.\n\n/**\n * Enum f...",
   "returnByValue": true
}
[7.138][DEBUG]: DEVTOOLS RESPONSE Runtime.evaluate (id=73) {
   "result": {
      "type": "object",
      "value": {
         "status": 0,
         "value": true
      }
   },
   "wasThrown": false
}
[7.138][DEBUG]: DEVTOOLS COMMAND Runtime.evaluate (id=74) {
   "expression": "(function() { // Copyright (c) 2012 The Chromium Authors. All rights reserved.\n// Use of this source code is governed by a BSD-style license that can be\n// found in the LICENSE file.\n\n/**\n * Enum f...",
   "returnByValue": true
}
[7.149][DEBUG]: DEVTOOLS RESPONSE Runtime.evaluate (id=74) {
   "result": {
      "type": "object",
      "value": {
         "status": 0,
         "value": {
            "height": 38,
            "left": -0.375,
            "top": 0,
            "width": 111
         }
      }
   },
   "wasThrown": false
}
[7.150][DEBUG]: DEVTOOLS COMMAND Runtime.evaluate (id=75) {
   "expression": "(function() { // Copyright (c) 2012 The Chromium Authors. All rights reserved.\n// Use of this source code is governed by a BSD-style license that can be\n// found in the LICENSE file.\n\n/**\n * Enum f...",
   "returnByValue": true
}
[7.163][DEBUG]: DEVTOOLS RESPONSE Runtime.evaluate (id=75) {
   "result": {
      "type": "object",
      "value": {
         "status": 0,
         "value": {
            "ceil": {

            },
            "clone": {

            },
            "floor": {

            },
            "round": {

            },
            "scale": {

            },
            "toString": {

            },
            "translate": {

            },
            "x": 213.375,
            "y": 119
         }
      }
   },
   "wasThrown": false
}
[7.163][DEBUG]: DEVTOOLS COMMAND Runtime.evaluate (id=76) {
   "expression": "(function() { // Copyright (c) 2012 The Chromium Authors. All rights reserved.\n// Use of this source code is governed by a BSD-style license that can be\n// found in the LICENSE file.\n\n/**\n * Enum f...",
   "returnByValue": true
}
[7.176][DEBUG]: DEVTOOLS RESPONSE Runtime.evaluate (id=76) {
   "result": {
      "type": "object",
      "value": {
         "status": 0,
         "value": {
            "clickable": true,
            "message": "Element's descendant would receive the click. Consider clicking the descendant instead. Descendant: \u003Ca href=\"/admin/user\">...\u003C/a>"
         }
      }
   },
   "wasThrown": false
}
[7.176][DEBUG]: DEVTOOLS COMMAND Input.dispatchMouseEvent (id=77) {
   "button": "none",
   "clickCount": 0,
   "modifiers": 0,
   "type": "mouseMoved",
   "x": 268,
   "y": 138
}
[7.197][DEBUG]: DEVTOOLS RESPONSE Input.dispatchMouseEvent (id=77) {

}
[7.197][DEBUG]: DEVTOOLS COMMAND Input.dispatchMouseEvent (id=78) {
   "button": "left",
   "clickCount": 1,
   "modifiers": 0,
   "type": "mousePressed",
   "x": 268,
   "y": 138
}
[7.198][DEBUG]: DEVTOOLS RESPONSE Input.dispatchMouseEvent (id=78) {

}
[7.198][DEBUG]: DEVTOOLS COMMAND Input.dispatchMouseEvent (id=79) {
   "button": "left",
   "clickCount": 1,
   "modifiers": 0,
   "type": "mouseReleased",
   "x": 268,
   "y": 138
}
[7.231][DEBUG]: DEVTOOLS EVENT Page.frameStartedLoading {
   "frameId": "2098.1"
}
[7.231][DEBUG]: DEVTOOLS RESPONSE Input.dispatchMouseEvent (id=79) {

}
[7.231][INFO]: Waiting for pending navigations...
[7.419][DEBUG]: DEVTOOLS EVENT Runtime.executionContextDestroyed {
   "executionContextId": 3
}
[7.419][DEBUG]: DEVTOOLS EVENT Console.messagesCleared {

}
[7.419][DEBUG]: DEVTOOLS EVENT Page.frameNavigated {
   "frame": {
      "id": "2098.1",
      "loaderId": "2098.4",
      "mimeType": "text/html",
      "securityOrigin": "http://106.186.19.168:8888",
      "url": "http://106.186.19.168:8888/admin/user"
   }
}
[7.419][DEBUG]: DEVTOOLS EVENT Runtime.executionContextsCleared {

}
[7.419][DEBUG]: DEVTOOLS EVENT Runtime.executionContextCreated {
   "context": {
      "frameId": "2098.1",
      "id": 4,
      "isPageContext": true,
      "name": ""
   }
}
[7.452][DEBUG]: DEVTOOLS EVENT DOM.documentUpdated {

}
[7.452][DEBUG]: DEVTOOLS COMMAND DOM.getDocument (id=80) {

}
[7.452][DEBUG]: DEVTOOLS EVENT Page.domContentEventFired {
   "timestamp": 1414560302.24144
}
[7.479][DEBUG]: DEVTOOLS RESPONSE DOM.getDocument (id=80) {
   "root": {
      "baseURL": "http://106.186.19.168:8888/admin/user",
      "childNodeCount": 2,
      "children": [ {
         "localName": "",
         "nodeId": 16,
         "nodeName": "html",
         "nodeType": 10,
         "nodeValue": "",
         "publicId": "",
         "systemId": ""
      }, {
         "attributes": [  ],
         "childNodeCount": 2,
         "children": [ {
            "attributes": [  ],
            "childNodeCount": 11,
            "localName": "head",
            "nodeId": 18,
            "nodeName": "HEAD",
            "nodeType": 1,
            "nodeValue": ""
         }, {
            "attributes": [  ],
            "childNodeCount": 2,
            "localName": "body",
            "nodeId": 19,
            "nodeName": "BODY",
            "nodeType": 1,
            "nodeValue": ""
         } ],
         "localName": "html",
         "nodeId": 17,
         "nodeName": "HTML",
         "nodeType": 1,
         "nodeValue": ""
      } ],
      "documentURL": "http://106.186.19.168:8888/admin/user",
      "localName": "",
      "nodeId": 15,
      "nodeName": "#document",
      "nodeType": 9,
      "nodeValue": "",
      "xmlVersion": ""
   }
}
[7.615][DEBUG]: DEVTOOLS EVENT Page.loadEventFired {
   "timestamp": 1414560302.38116
}
[7.615][DEBUG]: DEVTOOLS EVENT Page.frameStoppedLoading {
   "frameId": "2098.1"
}
[7.615][INFO]: Done waiting for pending navigations
[7.615][INFO]: RESPONSE ClickElement
[7.618][INFO]: COMMAND GetTitle {

}
[7.618][INFO]: Waiting for pending navigations...
[7.618][INFO]: Done waiting for pending navigations
[7.618][DEBUG]: DEVTOOLS COMMAND Runtime.evaluate (id=81) {
   "expression": "(function() { // Copyright (c) 2012 The Chromium Authors. All rights reserved.\n// Use of this source code is governed by a BSD-style license that can be\n// found in the LICENSE file.\n\n/**\n * Enum f...",
   "returnByValue": true
}
[7.630][DEBUG]: DEVTOOLS RESPONSE Runtime.evaluate (id=81) {
   "result": {
      "type": "object",
      "value": {
         "status": 0,
         "value": "Management"
      }
   },
   "wasThrown": false
}
[7.630][INFO]: Waiting for pending navigations...
[7.630][INFO]: Done waiting for pending navigations
[7.630][INFO]: RESPONSE GetTitle "Management"
[7.632][INFO]: COMMAND FindElement {
   "sessionId": "d2447b57e3b4916e5318b834984e5b51",
   "using": "css selector",
   "value": "#clearSelectVersion"
}
[7.632][INFO]: Waiting for pending navigations...
[7.632][INFO]: Done waiting for pending navigations
[7.633][DEBUG]: DEVTOOLS COMMAND Runtime.evaluate (id=82) {
   "expression": "(function() { // Copyright (c) 2012 The Chromium Authors. All rights reserved.\n// Use of this source code is governed by a BSD-style license that can be\n// found in the LICENSE file.\n\n/**\n * Enum f...",
   "returnByValue": true
}
[7.647][DEBUG]: DEVTOOLS RESPONSE Runtime.evaluate (id=82) {
   "result": {
      "type": "object",
      "value": {
         "status": 0,
         "value": {
            "ELEMENT": "0.22054794756695628-1"
         }
      }
   },
   "wasThrown": false
}
[7.647][INFO]: Waiting for pending navigations...
[7.647][INFO]: Done waiting for pending navigations
[7.647][INFO]: RESPONSE FindElement {
   "ELEMENT": "0.22054794756695628-1"
}
[7.649][INFO]: COMMAND GetElementTagName {
   "id": "0.22054794756695628-1"
}
[7.649][INFO]: Waiting for pending navigations...
[7.649][INFO]: Done waiting for pending navigations
[7.649][DEBUG]: DEVTOOLS COMMAND Runtime.evaluate (id=83) {
   "expression": "(function() { // Copyright (c) 2012 The Chromium Authors. All rights reserved.\n// Use of this source code is governed by a BSD-style license that can be\n// found in the LICENSE file.\n\n/**\n * Enum f...",
   "returnByValue": true
}
[7.650][DEBUG]: DEVTOOLS RESPONSE Runtime.evaluate (id=83) {
   "result": {
      "type": "object",
      "value": {
         "status": 0,
         "value": "select"
      }
   },
   "wasThrown": false
}
[7.651][INFO]: Waiting for pending navigations...
[7.651][INFO]: Done waiting for pending navigations
[7.651][INFO]: RESPONSE GetElementTagName "select"
[7.652][INFO]: COMMAND GetElementAttribute {
   "id": "0.22054794756695628-1",
   "name": "multiple"
}
[7.652][INFO]: Waiting for pending navigations...
[7.652][INFO]: Done waiting for pending navigations
[7.652][DEBUG]: DEVTOOLS COMMAND Runtime.evaluate (id=84) {
   "expression": "(function() { // Copyright (c) 2012 The Chromium Authors. All rights reserved.\n// Use of this source code is governed by a BSD-style license that can be\n// found in the LICENSE file.\n\n/**\n * Enum f...",
   "returnByValue": true
}
[7.665][DEBUG]: DEVTOOLS RESPONSE Runtime.evaluate (id=84) {
   "result": {
      "type": "object",
      "value": {
         "status": 0,
         "value": null
      }
   },
   "wasThrown": false
}
[7.665][INFO]: Waiting for pending navigations...
[7.665][INFO]: Done waiting for pending navigations
[7.665][INFO]: RESPONSE GetElementAttribute null
[7.668][INFO]: COMMAND FindChildElements {
   "id": "0.22054794756695628-1",
   "sessionId": "d2447b57e3b4916e5318b834984e5b51",
   "using": "xpath",
   "value": ".//option[normalize-space(.) = \"ALL\"]"
}
[7.668][INFO]: Waiting for pending navigations...
[7.668][INFO]: Done waiting for pending navigations
[7.669][DEBUG]: DEVTOOLS COMMAND Runtime.evaluate (id=85) {
   "expression": "(function() { // Copyright (c) 2012 The Chromium Authors. All rights reserved.\n// Use of this source code is governed by a BSD-style license that can be\n// found in the LICENSE file.\n\n/**\n * Enum f...",
   "returnByValue": true
}
[7.681][DEBUG]: DEVTOOLS RESPONSE Runtime.evaluate (id=85) {
   "result": {
      "type": "object",
      "value": {
         "status": 0,
         "value": [ {
            "ELEMENT": "0.22054794756695628-2"
         } ]
      }
   },
   "wasThrown": false
}
[7.682][INFO]: Waiting for pending navigations...
[7.682][INFO]: Done waiting for pending navigations
[7.682][INFO]: RESPONSE FindChildElements [ {
   "ELEMENT": "0.22054794756695628-2"
} ]
[7.683][INFO]: COMMAND IsElementSelected {
   "id": "0.22054794756695628-2"
}
[7.683][INFO]: Waiting for pending navigations...
[7.683][INFO]: Done waiting for pending navigations
[7.683][DEBUG]: DEVTOOLS COMMAND Runtime.evaluate (id=86) {
   "expression": "(function() { // Copyright (c) 2012 The Chromium Authors. All rights reserved.\n// Use of this source code is governed by a BSD-style license that can be\n// found in the LICENSE file.\n\n/**\n * Enum f...",
   "returnByValue": true
}
[7.697][DEBUG]: DEVTOOLS RESPONSE Runtime.evaluate (id=86) {
   "result": {
      "type": "object",
      "value": {
         "status": 0,
         "value": true
      }
   },
   "wasThrown": false
}
[7.697][INFO]: Waiting for pending navigations...
[7.697][INFO]: Done waiting for pending navigations
[7.697][INFO]: RESPONSE IsElementSelected true
[7.698][INFO]: COMMAND FindElement {
   "sessionId": "d2447b57e3b4916e5318b834984e5b51",
   "using": "css selector",
   "value": "#clearSelectType"
}
[7.698][INFO]: Waiting for pending navigations...
[7.698][INFO]: Done waiting for pending navigations
[7.699][DEBUG]: DEVTOOLS COMMAND Runtime.evaluate (id=87) {
   "expression": "(function() { // Copyright (c) 2012 The Chromium Authors. All rights reserved.\n// Use of this source code is governed by a BSD-style license that can be\n// found in the LICENSE file.\n\n/**\n * Enum f...",
   "returnByValue": true
}
[7.713][DEBUG]: DEVTOOLS RESPONSE Runtime.evaluate (id=87) {
   "result": {
      "type": "object",
      "value": {
         "status": 0,
         "value": {
            "ELEMENT": "0.22054794756695628-3"
         }
      }
   },
   "wasThrown": false
}
[7.713][INFO]: Waiting for pending navigations...
[7.713][INFO]: Done waiting for pending navigations
[7.713][INFO]: RESPONSE FindElement {
   "ELEMENT": "0.22054794756695628-3"
}
[7.715][INFO]: COMMAND GetElementTagName {
   "id": "0.22054794756695628-3"
}
[7.715][INFO]: Waiting for pending navigations...
[7.715][INFO]: Done waiting for pending navigations
[7.715][DEBUG]: DEVTOOLS COMMAND Runtime.evaluate (id=88) {
   "expression": "(function() { // Copyright (c) 2012 The Chromium Authors. All rights reserved.\n// Use of this source code is governed by a BSD-style license that can be\n// found in the LICENSE file.\n\n/**\n * Enum f...",
   "returnByValue": true
}
[7.717][DEBUG]: DEVTOOLS RESPONSE Runtime.evaluate (id=88) {
   "result": {
      "type": "object",
      "value": {
         "status": 0,
         "value": "select"
      }
   },
   "wasThrown": false
}
[7.717][INFO]: Waiting for pending navigations...
[7.717][INFO]: Done waiting for pending navigations
[7.717][INFO]: RESPONSE GetElementTagName "select"
[7.718][INFO]: COMMAND GetElementAttribute {
   "id": "0.22054794756695628-3",
   "name": "multiple"
}
[7.718][INFO]: Waiting for pending navigations...
[7.718][INFO]: Done waiting for pending navigations
[7.719][DEBUG]: DEVTOOLS COMMAND Runtime.evaluate (id=89) {
   "expression": "(function() { // Copyright (c) 2012 The Chromium Authors. All rights reserved.\n// Use of this source code is governed by a BSD-style license that can be\n// found in the LICENSE file.\n\n/**\n * Enum f...",
   "returnByValue": true
}
[7.729][DEBUG]: DEVTOOLS RESPONSE Runtime.evaluate (id=89) {
   "result": {
      "type": "object",
      "value": {
         "status": 0,
         "value": null
      }
   },
   "wasThrown": false
}
[7.730][INFO]: Waiting for pending navigations...
[7.730][INFO]: Done waiting for pending navigations
[7.730][INFO]: RESPONSE GetElementAttribute null
[7.731][INFO]: COMMAND FindChildElements {
   "id": "0.22054794756695628-3",
   "sessionId": "d2447b57e3b4916e5318b834984e5b51",
   "using": "xpath",
   "value": ".//option[normalize-space(.) = \"Feedbacks\"]"
}
[7.731][INFO]: Waiting for pending navigations...
[7.731][INFO]: Done waiting for pending navigations
[7.732][DEBUG]: DEVTOOLS COMMAND Runtime.evaluate (id=90) {
   "expression": "(function() { // Copyright (c) 2012 The Chromium Authors. All rights reserved.\n// Use of this source code is governed by a BSD-style license that can be\n// found in the LICENSE file.\n\n/**\n * Enum f...",
   "returnByValue": true
}
[7.746][DEBUG]: DEVTOOLS RESPONSE Runtime.evaluate (id=90) {
   "result": {
      "type": "object",
      "value": {
         "status": 0,
         "value": [ {
            "ELEMENT": "0.22054794756695628-4"
         } ]
      }
   },
   "wasThrown": false
}
[7.746][INFO]: Waiting for pending navigations...
[7.746][INFO]: Done waiting for pending navigations
[7.746][INFO]: RESPONSE FindChildElements [ {
   "ELEMENT": "0.22054794756695628-4"
} ]
[7.748][INFO]: COMMAND IsElementSelected {
   "id": "0.22054794756695628-4"
}
[7.748][INFO]: Waiting for pending navigations...
[7.748][INFO]: Done waiting for pending navigations
[7.748][DEBUG]: DEVTOOLS COMMAND Runtime.evaluate (id=91) {
   "expression": "(function() { // Copyright (c) 2012 The Chromium Authors. All rights reserved.\n// Use of this source code is governed by a BSD-style license that can be\n// found in the LICENSE file.\n\n/**\n * Enum f...",
   "returnByValue": true
}
[7.763][DEBUG]: DEVTOOLS RESPONSE Runtime.evaluate (id=91) {
   "result": {
      "type": "object",
      "value": {
         "status": 0,
         "value": false
      }
   },
   "wasThrown": false
}
[7.763][INFO]: Waiting for pending navigations...
[7.763][INFO]: Done waiting for pending navigations
[7.763][INFO]: RESPONSE IsElementSelected false
[7.765][INFO]: COMMAND ClickElement {
   "id": "0.22054794756695628-4",
   "sessionId": "d2447b57e3b4916e5318b834984e5b51"
}
[7.765][INFO]: Waiting for pending navigations...
[7.765][INFO]: Done waiting for pending navigations
[7.765][DEBUG]: DEVTOOLS COMMAND Runtime.evaluate (id=92) {
   "expression": "(function() { // Copyright (c) 2012 The Chromium Authors. All rights reserved.\n// Use of this source code is governed by a BSD-style license that can be\n// found in the LICENSE file.\n\n/**\n * Enum f...",
   "returnByValue": true
}
[7.782][DEBUG]: DEVTOOLS RESPONSE Runtime.evaluate (id=92) {
   "result": {
      "type": "object",
      "value": {
         "status": 0,
         "value": "option"
      }
   },
   "wasThrown": false
}
[7.782][DEBUG]: DEVTOOLS COMMAND Runtime.evaluate (id=93) {
   "expression": "(function() { // Copyright (c) 2012 The Chromium Authors. All rights reserved.\n// Use of this source code is governed by a BSD-style license that can be\n// found in the LICENSE file.\n\n/**\n * Enum f...",
   "returnByValue": true
}
[7.784][DEBUG]: DEVTOOLS RESPONSE Runtime.evaluate (id=93) {
   "result": {
      "type": "object",
      "value": {
         "status": 0,
         "value": false
      }
   },
   "wasThrown": false
}
[7.784][DEBUG]: DEVTOOLS COMMAND Runtime.evaluate (id=94) {
   "expression": "(function() { // Copyright (c) 2012 The Chromium Authors. All rights reserved.\n// Use of this source code is governed by a BSD-style license that can be\n// found in the LICENSE file.\n\n/**\n * Enum f...",
   "returnByValue": true
}
[7.832][DEBUG]: DEVTOOLS RESPONSE Runtime.evaluate (id=94) {
   "result": {
      "type": "object",
      "value": {
         "status": 0,
         "value": null
      }
   },
   "wasThrown": false
}
[7.832][INFO]: Waiting for pending navigations...
[7.832][INFO]: Done waiting for pending navigations
[7.832][INFO]: RESPONSE ClickElement
[7.834][INFO]: COMMAND FindElement {
   "sessionId": "d2447b57e3b4916e5318b834984e5b51",
   "using": "css selector",
   "value": "#tab1 > div:nth-child(3) > div > div > div > button"
}
[7.835][INFO]: Waiting for pending navigations...
[7.835][INFO]: Done waiting for pending navigations
[7.836][DEBUG]: DEVTOOLS COMMAND Runtime.evaluate (id=95) {
   "expression": "(function() { // Copyright (c) 2012 The Chromium Authors. All rights reserved.\n// Use of this source code is governed by a BSD-style license that can be\n// found in the LICENSE file.\n\n/**\n * Enum f...",
   "returnByValue": true
}
[7.847][DEBUG]: DEVTOOLS RESPONSE Runtime.evaluate (id=95) {
   "result": {
      "type": "object",
      "value": {
         "status": 0,
         "value": {
            "ELEMENT": "0.22054794756695628-5"
         }
      }
   },
   "wasThrown": false
}
[7.847][INFO]: Waiting for pending navigations...
[7.847][INFO]: Done waiting for pending navigations
[7.847][INFO]: RESPONSE FindElement {
   "ELEMENT": "0.22054794756695628-5"
}
[7.848][INFO]: COMMAND ClickElement {
   "id": "0.22054794756695628-5",
   "sessionId": "d2447b57e3b4916e5318b834984e5b51"
}
[7.848][INFO]: Waiting for pending navigations...
[7.848][INFO]: Done waiting for pending navigations
[7.849][DEBUG]: DEVTOOLS COMMAND Runtime.evaluate (id=96) {
   "expression": "(function() { // Copyright (c) 2012 The Chromium Authors. All rights reserved.\n// Use of this source code is governed by a BSD-style license that can be\n// found in the LICENSE file.\n\n/**\n * Enum f...",
   "returnByValue": true
}
[7.850][DEBUG]: DEVTOOLS RESPONSE Runtime.evaluate (id=96) {
   "result": {
      "type": "object",
      "value": {
         "status": 0,
         "value": "button"
      }
   },
   "wasThrown": false
}
[7.850][DEBUG]: DEVTOOLS COMMAND Runtime.evaluate (id=97) {
   "expression": "(function() { // Copyright (c) 2012 The Chromium Authors. All rights reserved.\n// Use of this source code is governed by a BSD-style license that can be\n// found in the LICENSE file.\n\n/**\n * Enum f...",
   "returnByValue": true
}
[7.851][DEBUG]: DEVTOOLS RESPONSE Runtime.evaluate (id=97) {
   "result": {
      "type": "object",
      "value": {
         "status": 0,
         "value": "button"
      }
   },
   "wasThrown": false
}
[7.852][DEBUG]: DEVTOOLS COMMAND Runtime.evaluate (id=98) {
   "expression": "(function() { // Copyright (c) 2012 The Chromium Authors. All rights reserved.\n// Use of this source code is governed by a BSD-style license that can be\n// found in the LICENSE file.\n\n/**\n * Enum f...",
   "returnByValue": true
}
[7.861][DEBUG]: DEVTOOLS RESPONSE Runtime.evaluate (id=98) {
   "result": {
      "type": "object",
      "value": {
         "status": 0,
         "value": true
      }
   },
   "wasThrown": false
}
[7.861][DEBUG]: DEVTOOLS COMMAND Runtime.evaluate (id=99) {
   "expression": "(function() { // Copyright (c) 2012 The Chromium Authors. All rights reserved.\n// Use of this source code is governed by a BSD-style license that can be\n// found in the LICENSE file.\n\n/**\n * Enum f...",
   "returnByValue": true
}
[7.863][DEBUG]: DEVTOOLS RESPONSE Runtime.evaluate (id=99) {
   "result": {
      "type": "object",
      "value": {
         "status": 0,
         "value": {
            "height": 30,
            "left": -0.0625,
            "top": 0,
            "width": 47
         }
      }
   },
   "wasThrown": false
}
[7.864][DEBUG]: DEVTOOLS COMMAND Runtime.evaluate (id=100) {
   "expression": "(function() { // Copyright (c) 2012 The Chromium Authors. All rights reserved.\n// Use of this source code is governed by a BSD-style license that can be\n// found in the LICENSE file.\n\n/**\n * Enum f...",
   "returnByValue": true
}
[7.870][DEBUG]: DEVTOOLS RESPONSE Runtime.evaluate (id=100) {
   "result": {
      "type": "object",
      "value": {
         "status": 0,
         "value": {
            "ceil": {

            },
            "clone": {

            },
            "floor": {

            },
            "round": {

            },
            "scale": {

            },
            "toString": {

            },
            "translate": {

            },
            "x": 549.0625,
            "y": 795
         }
      }
   },
   "wasThrown": false
}
[7.870][DEBUG]: DEVTOOLS COMMAND Runtime.evaluate (id=101) {
   "expression": "(function() { // Copyright (c) 2012 The Chromium Authors. All rights reserved.\n// Use of this source code is governed by a BSD-style license that can be\n// found in the LICENSE file.\n\n/**\n * Enum f...",
   "returnByValue": true
}
[7.872][DEBUG]: DEVTOOLS RESPONSE Runtime.evaluate (id=101) {
   "result": {
      "type": "object",
      "value": {
         "status": 0,
         "value": {
            "clickable": true
         }
      }
   },
   "wasThrown": false
}
[7.872][DEBUG]: DEVTOOLS COMMAND Input.dispatchMouseEvent (id=102) {
   "button": "none",
   "clickCount": 0,
   "modifiers": 0,
   "type": "mouseMoved",
   "x": 572,
   "y": 810
}
[7.884][DEBUG]: DEVTOOLS RESPONSE Input.dispatchMouseEvent (id=102) {

}
[7.884][DEBUG]: DEVTOOLS COMMAND Input.dispatchMouseEvent (id=103) {
   "button": "left",
   "clickCount": 1,
   "modifiers": 0,
   "type": "mousePressed",
   "x": 572,
   "y": 810
}
[7.889][DEBUG]: DEVTOOLS RESPONSE Input.dispatchMouseEvent (id=103) {

}
[7.889][DEBUG]: DEVTOOLS COMMAND Input.dispatchMouseEvent (id=104) {
   "button": "left",
   "clickCount": 1,
   "modifiers": 0,
   "type": "mouseReleased",
   "x": 572,
   "y": 810
}
[7.897][DEBUG]: DEVTOOLS EVENT DOM.childNodeCountUpdated {
   "childNodeCount": 3,
   "nodeId": 19
}
[7.897][DEBUG]: DEVTOOLS RESPONSE Input.dispatchMouseEvent (id=104) {

}
[7.897][INFO]: Waiting for pending navigations...
[7.897][INFO]: Done waiting for pending navigations
[7.897][INFO]: RESPONSE ClickElement
[7.899][INFO]: COMMAND FindElement {
   "sessionId": "d2447b57e3b4916e5318b834984e5b51",
   "using": "css selector",
   "value": "#myModalalldel > div.modal-footer > a.btn.btn-info"
}
[7.899][INFO]: Waiting for pending navigations...
[7.899][INFO]: Done waiting for pending navigations
[7.900][DEBUG]: DEVTOOLS COMMAND Runtime.evaluate (id=105) {
   "expression": "(function() { // Copyright (c) 2012 The Chromium Authors. All rights reserved.\n// Use of this source code is governed by a BSD-style license that can be\n// found in the LICENSE file.\n\n/**\n * Enum f...",
   "returnByValue": true
}
[7.912][DEBUG]: DEVTOOLS RESPONSE Runtime.evaluate (id=105) {
   "result": {
      "type": "object",
      "value": {
         "status": 0,
         "value": {
            "ELEMENT": "0.22054794756695628-6"
         }
      }
   },
   "wasThrown": false
}
[7.912][INFO]: Waiting for pending navigations...
[7.912][INFO]: Done waiting for pending navigations
[7.913][INFO]: RESPONSE FindElement {
   "ELEMENT": "0.22054794756695628-6"
}
[7.915][INFO]: COMMAND IsElementDisplayed {
   "id": "0.22054794756695628-6"
}
[7.915][INFO]: Waiting for pending navigations...
[7.915][INFO]: Done waiting for pending navigations
[7.915][DEBUG]: DEVTOOLS COMMAND Runtime.evaluate (id=106) {
   "expression": "(function() { // Copyright (c) 2012 The Chromium Authors. All rights reserved.\n// Use of this source code is governed by a BSD-style license that can be\n// found in the LICENSE file.\n\n/**\n * Enum f...",
   "returnByValue": true
}
[7.924][DEBUG]: DEVTOOLS RESPONSE Runtime.evaluate (id=106) {
   "result": {
      "type": "object",
      "value": {
         "status": 0,
         "value": false
      }
   },
   "wasThrown": false
}
[7.924][INFO]: Waiting for pending navigations...
[7.924][INFO]: Done waiting for pending navigations
[7.924][INFO]: RESPONSE IsElementDisplayed false
[8.432][INFO]: COMMAND FindElement {
   "sessionId": "d2447b57e3b4916e5318b834984e5b51",
   "using": "css selector",
   "value": "#myModalalldel > div.modal-footer > a.btn.btn-info"
}
[8.432][DEBUG]: DEVTOOLS EVENT DOM.childNodeCountUpdated {
   "childNodeCount": 4,
   "nodeId": 19
}
[8.432][DEBUG]: DEVTOOLS EVENT DOM.childNodeCountUpdated {
   "childNodeCount": 3,
   "nodeId": 19
}
[8.432][INFO]: Waiting for pending navigations...
[8.432][INFO]: Done waiting for pending navigations
[8.433][DEBUG]: DEVTOOLS COMMAND Runtime.evaluate (id=107) {
   "expression": "(function() { // Copyright (c) 2012 The Chromium Authors. All rights reserved.\n// Use of this source code is governed by a BSD-style license that can be\n// found in the LICENSE file.\n\n/**\n * Enum f...",
   "returnByValue": true
}
[8.437][DEBUG]: DEVTOOLS RESPONSE Runtime.evaluate (id=107) {
   "result": {
      "type": "object",
      "value": {
         "status": 0,
         "value": {
            "ELEMENT": "0.22054794756695628-6"
         }
      }
   },
   "wasThrown": false
}
[8.438][INFO]: Waiting for pending navigations...
[8.438][INFO]: Done waiting for pending navigations
[8.438][INFO]: RESPONSE FindElement {
   "ELEMENT": "0.22054794756695628-6"
}
[8.439][INFO]: COMMAND IsElementDisplayed {
   "id": "0.22054794756695628-6"
}
[8.439][INFO]: Waiting for pending navigations...
[8.439][INFO]: Done waiting for pending navigations
[8.440][DEBUG]: DEVTOOLS COMMAND Runtime.evaluate (id=108) {
   "expression": "(function() { // Copyright (c) 2012 The Chromium Authors. All rights reserved.\n// Use of this source code is governed by a BSD-style license that can be\n// found in the LICENSE file.\n\n/**\n * Enum f...",
   "returnByValue": true
}
[8.445][DEBUG]: DEVTOOLS RESPONSE Runtime.evaluate (id=108) {
   "result": {
      "type": "object",
      "value": {
         "status": 0,
         "value": true
      }
   },
   "wasThrown": false
}
[8.445][INFO]: Waiting for pending navigations...
[8.445][INFO]: Done waiting for pending navigations
[8.445][INFO]: RESPONSE IsElementDisplayed true
[8.447][INFO]: COMMAND IsElementEnabled {
   "id": "0.22054794756695628-6"
}
[8.447][INFO]: Waiting for pending navigations...
[8.447][INFO]: Done waiting for pending navigations
[8.447][DEBUG]: DEVTOOLS COMMAND Runtime.evaluate (id=109) {
   "expression": "(function() { // Copyright (c) 2012 The Chromium Authors. All rights reserved.\n// Use of this source code is governed by a BSD-style license that can be\n// found in the LICENSE file.\n\n/**\n * Enum f...",
   "returnByValue": true
}
[8.450][DEBUG]: DEVTOOLS RESPONSE Runtime.evaluate (id=109) {
   "result": {
      "type": "object",
      "value": {
         "status": 0,
         "value": true
      }
   },
   "wasThrown": false
}
[8.450][INFO]: Waiting for pending navigations...
[8.450][INFO]: Done waiting for pending navigations
[8.450][INFO]: RESPONSE IsElementEnabled true
[8.452][INFO]: COMMAND FindElement {
   "sessionId": "d2447b57e3b4916e5318b834984e5b51",
   "using": "css selector",
   "value": "#myModalalldel > div.modal-footer > a.btn.btn-info"
}
[8.452][INFO]: Waiting for pending navigations...
[8.452][INFO]: Done waiting for pending navigations
[8.453][DEBUG]: DEVTOOLS COMMAND Runtime.evaluate (id=110) {
   "expression": "(function() { // Copyright (c) 2012 The Chromium Authors. All rights reserved.\n// Use of this source code is governed by a BSD-style license that can be\n// found in the LICENSE file.\n\n/**\n * Enum f...",
   "returnByValue": true
}
[8.455][DEBUG]: DEVTOOLS RESPONSE Runtime.evaluate (id=110) {
   "result": {
      "type": "object",
      "value": {
         "status": 0,
         "value": {
            "ELEMENT": "0.22054794756695628-6"
         }
      }
   },
   "wasThrown": false
}
[8.455][INFO]: Waiting for pending navigations...
[8.455][INFO]: Done waiting for pending navigations
[8.455][INFO]: RESPONSE FindElement {
   "ELEMENT": "0.22054794756695628-6"
}
[8.457][INFO]: COMMAND ClickElement {
   "id": "0.22054794756695628-6",
   "sessionId": "d2447b57e3b4916e5318b834984e5b51"
}
[8.457][INFO]: Waiting for pending navigations...
[8.457][INFO]: Done waiting for pending navigations
[8.457][DEBUG]: DEVTOOLS COMMAND Runtime.evaluate (id=111) {
   "expression": "(function() { // Copyright (c) 2012 The Chromium Authors. All rights reserved.\n// Use of this source code is governed by a BSD-style license that can be\n// found in the LICENSE file.\n\n/**\n * Enum f...",
   "returnByValue": true
}
[8.459][DEBUG]: DEVTOOLS RESPONSE Runtime.evaluate (id=111) {
   "result": {
      "type": "object",
      "value": {
         "status": 0,
         "value": "a"
      }
   },
   "wasThrown": false
}
[8.459][DEBUG]: DEVTOOLS COMMAND Runtime.evaluate (id=112) {
   "expression": "(function() { // Copyright (c) 2012 The Chromium Authors. All rights reserved.\n// Use of this source code is governed by a BSD-style license that can be\n// found in the LICENSE file.\n\n/**\n * Enum f...",
   "returnByValue": true
}
[8.460][DEBUG]: DEVTOOLS RESPONSE Runtime.evaluate (id=112) {
   "result": {
      "type": "object",
      "value": {
         "status": 0,
         "value": "a"
      }
   },
   "wasThrown": false
}
[8.460][DEBUG]: DEVTOOLS COMMAND Runtime.evaluate (id=113) {
   "expression": "(function() { // Copyright (c) 2012 The Chromium Authors. All rights reserved.\n// Use of this source code is governed by a BSD-style license that can be\n// found in the LICENSE file.\n\n/**\n * Enum f...",
   "returnByValue": true
}
[8.469][DEBUG]: DEVTOOLS RESPONSE Runtime.evaluate (id=113) {
   "result": {
      "type": "object",
      "value": {
         "status": 0,
         "value": true
      }
   },
   "wasThrown": false
}
[8.469][DEBUG]: DEVTOOLS COMMAND Runtime.evaluate (id=114) {
   "expression": "(function() { // Copyright (c) 2012 The Chromium Authors. All rights reserved.\n// Use of this source code is governed by a BSD-style license that can be\n// found in the LICENSE file.\n\n/**\n * Enum f...",
   "returnByValue": true
}
[8.471][DEBUG]: DEVTOOLS RESPONSE Runtime.evaluate (id=114) {
   "result": {
      "type": "object",
      "value": {
         "status": 0,
         "value": {
            "height": 31,
            "left": -0.40625,
            "top": -0.390625,
            "width": 50
         }
      }
   },
   "wasThrown": false
}
[8.472][DEBUG]: DEVTOOLS COMMAND Runtime.evaluate (id=115) {
   "expression": "(function() { // Copyright (c) 2012 The Chromium Authors. All rights reserved.\n// Use of this source code is governed by a BSD-style license that can be\n// found in the LICENSE file.\n\n/**\n * Enum f...",
   "returnByValue": true
}
[8.477][DEBUG]: DEVTOOLS RESPONSE Runtime.evaluate (id=115) {
   "result": {
      "type": "object",
      "value": {
         "status": 0,
         "value": {
            "ceil": {

            },
            "clone": {

            },
            "floor": {

            },
            "round": {

            },
            "scale": {

            },
            "toString": {

            },
            "translate": {

            },
            "x": 612.40625,
            "y": 208.390625
         }
      }
   },
   "wasThrown": false
}
[8.478][DEBUG]: DEVTOOLS COMMAND Runtime.evaluate (id=116) {
   "expression": "(function() { // Copyright (c) 2012 The Chromium Authors. All rights reserved.\n// Use of this source code is governed by a BSD-style license that can be\n// found in the LICENSE file.\n\n/**\n * Enum f...",
   "returnByValue": true
}
[8.480][DEBUG]: DEVTOOLS RESPONSE Runtime.evaluate (id=116) {
   "result": {
      "type": "object",
      "value": {
         "status": 0,
         "value": {
            "clickable": true
         }
      }
   },
   "wasThrown": false
}
[8.480][DEBUG]: DEVTOOLS COMMAND Input.dispatchMouseEvent (id=117) {
   "button": "none",
   "clickCount": 0,
   "modifiers": 0,
   "type": "mouseMoved",
   "x": 637,
   "y": 223
}
[8.499][DEBUG]: DEVTOOLS RESPONSE Input.dispatchMouseEvent (id=117) {

}
[8.499][DEBUG]: DEVTOOLS COMMAND Input.dispatchMouseEvent (id=118) {
   "button": "left",
   "clickCount": 1,
   "modifiers": 0,
   "type": "mousePressed",
   "x": 637,
   "y": 223
}
[8.503][DEBUG]: DEVTOOLS RESPONSE Input.dispatchMouseEvent (id=118) {

}
[8.503][DEBUG]: DEVTOOLS COMMAND Input.dispatchMouseEvent (id=119) {
   "button": "left",
   "clickCount": 1,
   "modifiers": 0,
   "type": "mouseReleased",
   "x": 637,
   "y": 223
}
[8.521][DEBUG]: DEVTOOLS RESPONSE Input.dispatchMouseEvent (id=119) {

}
[8.521][INFO]: Waiting for pending navigations...
[8.521][INFO]: Done waiting for pending navigations
[8.521][INFO]: RESPONSE ClickElement
[9.528][INFO]: COMMAND FindElement {
   "sessionId": "d2447b57e3b4916e5318b834984e5b51",
   "using": "css selector",
   "value": "#li_id_feedbacks"
}
[9.528][DEBUG]: DEVTOOLS EVENT Page.frameScheduledNavigation {
   "delay": 0,
   "frameId": "2098.1"
}
[9.528][DEBUG]: DEVTOOLS EVENT Page.frameStartedLoading {
   "frameId": "2098.1"
}
[9.528][DEBUG]: DEVTOOLS EVENT Page.frameClearedScheduledNavigation {
   "frameId": "2098.1"
}
[9.528][DEBUG]: DEVTOOLS EVENT Runtime.executionContextDestroyed {
   "executionContextId": 4
}
[9.528][DEBUG]: DEVTOOLS EVENT Console.messagesCleared {

}
[9.528][DEBUG]: DEVTOOLS EVENT Page.frameNavigated {
   "frame": {
      "id": "2098.1",
      "loaderId": "2098.5",
      "mimeType": "text/html",
      "securityOrigin": "http://106.186.19.168:8888",
      "url": "http://106.186.19.168:8888/admin/user"
   }
}
[9.528][DEBUG]: DEVTOOLS EVENT Runtime.executionContextsCleared {

}
[9.528][DEBUG]: DEVTOOLS EVENT Runtime.executionContextCreated {
   "context": {
      "frameId": "2098.1",
      "id": 5,
      "isPageContext": true,
      "name": ""
   }
}
[9.528][DEBUG]: DEVTOOLS EVENT Page.loadEventFired {
   "timestamp": 1414560303.67747
}
[9.528][DEBUG]: DEVTOOLS EVENT DOM.documentUpdated {

}
[9.528][DEBUG]: DEVTOOLS COMMAND DOM.getDocument (id=120) {

}
[9.528][DEBUG]: DEVTOOLS EVENT Page.domContentEventFired {
   "timestamp": 1414560303.67749
}
[9.529][DEBUG]: DEVTOOLS EVENT Page.frameStoppedLoading {
   "frameId": "2098.1"
}
[9.530][DEBUG]: DEVTOOLS RESPONSE DOM.getDocument (id=120) {
   "root": {
      "baseURL": "http://106.186.19.168:8888/admin/user",
      "childNodeCount": 2,
      "children": [ {
         "localName": "",
         "nodeId": 21,
         "nodeName": "html",
         "nodeType": 10,
         "nodeValue": "",
         "publicId": "",
         "systemId": ""
      }, {
         "attributes": [  ],
         "childNodeCount": 2,
         "children": [ {
            "attributes": [  ],
            "childNodeCount": 11,
            "localName": "head",
            "nodeId": 23,
            "nodeName": "HEAD",
            "nodeType": 1,
            "nodeValue": ""
         }, {
            "attributes": [  ],
            "childNodeCount": 2,
            "localName": "body",
            "nodeId": 24,
            "nodeName": "BODY",
            "nodeType": 1,
            "nodeValue": ""
         } ],
         "localName": "html",
         "nodeId": 22,
         "nodeName": "HTML",
         "nodeType": 1,
         "nodeValue": ""
      } ],
      "documentURL": "http://106.186.19.168:8888/admin/user",
      "localName": "",
      "nodeId": 20,
      "nodeName": "#document",
      "nodeType": 9,
      "nodeValue": "",
      "xmlVersion": ""
   }
}
[9.530][INFO]: Waiting for pending navigations...
[9.530][INFO]: Done waiting for pending navigations
[9.531][DEBUG]: DEVTOOLS COMMAND Runtime.evaluate (id=121) {
   "expression": "(function() { // Copyright (c) 2012 The Chromium Authors. All rights reserved.\n// Use of this source code is governed by a BSD-style license that can be\n// found in the LICENSE file.\n\n/**\n * Enum f...",
   "returnByValue": true
}
[9.544][DEBUG]: DEVTOOLS RESPONSE Runtime.evaluate (id=121) {
   "result": {
      "type": "object",
      "value": {
         "status": 0,
         "value": {
            "ELEMENT": "0.10004875622689724-1"
         }
      }
   },
   "wasThrown": false
}
[9.544][INFO]: Waiting for pending navigations...
[9.544][INFO]: Done waiting for pending navigations
[9.544][INFO]: RESPONSE FindElement {
   "ELEMENT": "0.10004875622689724-1"
}
[9.545][INFO]: COMMAND ClickElement {
   "id": "0.10004875622689724-1",
   "sessionId": "d2447b57e3b4916e5318b834984e5b51"
}
[9.545][INFO]: Waiting for pending navigations...
[9.545][INFO]: Done waiting for pending navigations
[9.546][DEBUG]: DEVTOOLS COMMAND Runtime.evaluate (id=122) {
   "expression": "(function() { // Copyright (c) 2012 The Chromium Authors. All rights reserved.\n// Use of this source code is governed by a BSD-style license that can be\n// found in the LICENSE file.\n\n/**\n * Enum f...",
   "returnByValue": true
}
[9.547][DEBUG]: DEVTOOLS RESPONSE Runtime.evaluate (id=122) {
   "result": {
      "type": "object",
      "value": {
         "status": 0,
         "value": "li"
      }
   },
   "wasThrown": false
}
[9.547][DEBUG]: DEVTOOLS COMMAND Runtime.evaluate (id=123) {
   "expression": "(function() { // Copyright (c) 2012 The Chromium Authors. All rights reserved.\n// Use of this source code is governed by a BSD-style license that can be\n// found in the LICENSE file.\n\n/**\n * Enum f...",
   "returnByValue": true
}
[9.548][DEBUG]: DEVTOOLS RESPONSE Runtime.evaluate (id=123) {
   "result": {
      "type": "object",
      "value": {
         "status": 0,
         "value": "li"
      }
   },
   "wasThrown": false
}
[9.549][DEBUG]: DEVTOOLS COMMAND Runtime.evaluate (id=124) {
   "expression": "(function() { // Copyright (c) 2012 The Chromium Authors. All rights reserved.\n// Use of this source code is governed by a BSD-style license that can be\n// found in the LICENSE file.\n\n/**\n * Enum f...",
   "returnByValue": true
}
[9.558][DEBUG]: DEVTOOLS RESPONSE Runtime.evaluate (id=124) {
   "result": {
      "type": "object",
      "value": {
         "status": 0,
         "value": true
      }
   },
   "wasThrown": false
}
[9.558][DEBUG]: DEVTOOLS COMMAND Runtime.evaluate (id=125) {
   "expression": "(function() { // Copyright (c) 2012 The Chromium Authors. All rights reserved.\n// Use of this source code is governed by a BSD-style license that can be\n// found in the LICENSE file.\n\n/**\n * Enum f...",
   "returnByValue": true
}
[9.561][DEBUG]: DEVTOOLS RESPONSE Runtime.evaluate (id=125) {
   "result": {
      "type": "object",
      "value": {
         "status": 0,
         "value": {
            "height": 38,
            "left": -0.546875,
            "top": 0,
            "width": 98
         }
      }
   },
   "wasThrown": false
}
[9.561][DEBUG]: DEVTOOLS COMMAND Runtime.evaluate (id=126) {
   "expression": "(function() { // Copyright (c) 2012 The Chromium Authors. All rights reserved.\n// Use of this source code is governed by a BSD-style license that can be\n// found in the LICENSE file.\n\n/**\n * Enum f...",
   "returnByValue": true
}
[9.567][DEBUG]: DEVTOOLS RESPONSE Runtime.evaluate (id=126) {
   "result": {
      "type": "object",
      "value": {
         "status": 0,
         "value": {
            "ceil": {

            },
            "clone": {

            },
            "floor": {

            },
            "round": {

            },
            "scale": {

            },
            "toString": {

            },
            "translate": {

            },
            "x": 391.546875,
            "y": 119
         }
      }
   },
   "wasThrown": false
}
[9.567][DEBUG]: DEVTOOLS COMMAND Runtime.evaluate (id=127) {
   "expression": "(function() { // Copyright (c) 2012 The Chromium Authors. All rights reserved.\n// Use of this source code is governed by a BSD-style license that can be\n// found in the LICENSE file.\n\n/**\n * Enum f...",
   "returnByValue": true
}
[9.569][DEBUG]: DEVTOOLS RESPONSE Runtime.evaluate (id=127) {
   "result": {
      "type": "object",
      "value": {
         "status": 0,
         "value": {
            "clickable": true,
            "message": "Element's descendant would receive the click. Consider clicking the descendant instead. Descendant: \u003Ca href=\"/developer/feedbacks\">...\u003C/a>"
         }
      }
   },
   "wasThrown": false
}
[9.569][DEBUG]: DEVTOOLS COMMAND Input.dispatchMouseEvent (id=128) {
   "button": "none",
   "clickCount": 0,
   "modifiers": 0,
   "type": "mouseMoved",
   "x": 440,
   "y": 138
}
[9.584][DEBUG]: DEVTOOLS RESPONSE Input.dispatchMouseEvent (id=128) {

}
[9.584][DEBUG]: DEVTOOLS COMMAND Input.dispatchMouseEvent (id=129) {
   "button": "left",
   "clickCount": 1,
   "modifiers": 0,
   "type": "mousePressed",
   "x": 440,
   "y": 138
}
[9.585][DEBUG]: DEVTOOLS RESPONSE Input.dispatchMouseEvent (id=129) {

}
[9.585][DEBUG]: DEVTOOLS COMMAND Input.dispatchMouseEvent (id=130) {
   "button": "left",
   "clickCount": 1,
   "modifiers": 0,
   "type": "mouseReleased",
   "x": 440,
   "y": 138
}
[9.603][DEBUG]: DEVTOOLS EVENT Page.frameStartedLoading {
   "frameId": "2098.1"
}
[9.603][DEBUG]: DEVTOOLS RESPONSE Input.dispatchMouseEvent (id=130) {

}
[9.603][INFO]: Waiting for pending navigations...
[9.740][DEBUG]: DEVTOOLS EVENT Runtime.executionContextDestroyed {
   "executionContextId": 5
}
[9.740][DEBUG]: DEVTOOLS EVENT Console.messagesCleared {

}
[9.740][DEBUG]: DEVTOOLS EVENT Page.frameNavigated {
   "frame": {
      "id": "2098.1",
      "loaderId": "2098.6",
      "mimeType": "text/html",
      "securityOrigin": "http://106.186.19.168:8888",
      "url": "http://106.186.19.168:8888/developer/feedbacks"
   }
}
[9.740][DEBUG]: DEVTOOLS EVENT Runtime.executionContextsCleared {

}
[9.740][DEBUG]: DEVTOOLS EVENT Runtime.executionContextCreated {
   "context": {
      "frameId": "2098.1",
      "id": 6,
      "isPageContext": true,
      "name": ""
   }
}
[9.819][DEBUG]: DEVTOOLS EVENT Page.loadEventFired {
   "timestamp": 1414560304.56181
}
[9.819][DEBUG]: DEVTOOLS EVENT DOM.documentUpdated {

}
[9.819][DEBUG]: DEVTOOLS COMMAND DOM.getDocument (id=131) {

}
[9.820][DEBUG]: DEVTOOLS EVENT Page.domContentEventFired {
   "timestamp": 1414560304.56188
}
[9.835][DEBUG]: DEVTOOLS EVENT Page.frameStoppedLoading {
   "frameId": "2098.1"
}
[9.836][DEBUG]: DEVTOOLS RESPONSE DOM.getDocument (id=131) {
   "root": {
      "baseURL": "http://106.186.19.168:8888/developer/feedbacks",
      "childNodeCount": 2,
      "children": [ {
         "localName": "",
         "nodeId": 26,
         "nodeName": "html",
         "nodeType": 10,
         "nodeValue": "",
         "publicId": "",
         "systemId": ""
      }, {
         "attributes": [  ],
         "childNodeCount": 2,
         "children": [ {
            "attributes": [  ],
            "childNodeCount": 11,
            "localName": "head",
            "nodeId": 28,
            "nodeName": "HEAD",
            "nodeType": 1,
            "nodeValue": ""
         }, {
            "attributes": [  ],
            "childNodeCount": 2,
            "localName": "body",
            "nodeId": 29,
            "nodeName": "BODY",
            "nodeType": 1,
            "nodeValue": ""
         } ],
         "localName": "html",
         "nodeId": 27,
         "nodeName": "HTML",
         "nodeType": 1,
         "nodeValue": ""
      } ],
      "documentURL": "http://106.186.19.168:8888/developer/feedbacks",
      "localName": "",
      "nodeId": 25,
      "nodeName": "#document",
      "nodeType": 9,
      "nodeValue": "",
      "xmlVersion": ""
   }
}
[9.836][INFO]: Done waiting for pending navigations
[9.836][INFO]: RESPONSE ClickElement
[9.838][INFO]: COMMAND GetTitle {

}
[9.838][INFO]: Waiting for pending navigations...
[9.838][INFO]: Done waiting for pending navigations
[9.838][DEBUG]: DEVTOOLS COMMAND Runtime.evaluate (id=132) {
   "expression": "(function() { // Copyright (c) 2012 The Chromium Authors. All rights reserved.\n// Use of this source code is governed by a BSD-style license that can be\n// found in the LICENSE file.\n\n/**\n * Enum f...",
   "returnByValue": true
}
[9.851][DEBUG]: DEVTOOLS RESPONSE Runtime.evaluate (id=132) {
   "result": {
      "type": "object",
      "value": {
         "status": 0,
         "value": "Feedbacks"
      }
   },
   "wasThrown": false
}
[9.851][INFO]: Waiting for pending navigations...
[9.851][INFO]: Done waiting for pending navigations
[9.851][INFO]: RESPONSE GetTitle "Feedbacks"
[9.853][INFO]: COMMAND FindElement {
   "sessionId": "d2447b57e3b4916e5318b834984e5b51",
   "using": "css selector",
   "value": "#table-javascript > tbody"
}
[9.853][INFO]: Waiting for pending navigations...
[9.853][INFO]: Done waiting for pending navigations
[9.854][DEBUG]: DEVTOOLS COMMAND Runtime.evaluate (id=133) {
   "expression": "(function() { // Copyright (c) 2012 The Chromium Authors. All rights reserved.\n// Use of this source code is governed by a BSD-style license that can be\n// found in the LICENSE file.\n\n/**\n * Enum f...",
   "returnByValue": true
}
[9.868][DEBUG]: DEVTOOLS RESPONSE Runtime.evaluate (id=133) {
   "result": {
      "type": "object",
      "value": {
         "status": 0,
         "value": {
            "ELEMENT": "0.9462424209341407-1"
         }
      }
   },
   "wasThrown": false
}
[9.868][INFO]: Waiting for pending navigations...
[9.868][INFO]: Done waiting for pending navigations
[9.868][INFO]: RESPONSE FindElement {
   "ELEMENT": "0.9462424209341407-1"
}
[9.870][INFO]: COMMAND GetElementText {
   "id": "0.9462424209341407-1"
}
[9.870][INFO]: Waiting for pending navigations...
[9.870][INFO]: Done waiting for pending navigations
[9.870][DEBUG]: DEVTOOLS COMMAND Runtime.evaluate (id=134) {
   "expression": "(function() { // Copyright (c) 2012 The Chromium Authors. All rights reserved.\n// Use of this source code is governed by a BSD-style license that can be\n// found in the LICENSE file.\n\n/**\n * Enum f...",
   "returnByValue": true
}
[9.886][DEBUG]: DEVTOOLS RESPONSE Runtime.evaluate (id=134) {
   "result": {
      "type": "object",
      "value": {
         "status": 0,
         "value": ""
      }
   },
   "wasThrown": false
}
[9.886][INFO]: Waiting for pending navigations...
[9.886][INFO]: Done waiting for pending navigations
[9.886][INFO]: RESPONSE GetElementText ""
[9.888][INFO]: COMMAND Quit {

}
[10.154][INFO]: RESPONSE Quit
[10.154][DEBUG]: Log type 'driver' lost 0 entries on destruction
[10.154][DEBUG]: Log type 'browser' lost 0 entries on destruction
